mode: set
github.com/KarpelesLab/tpl/array.go:12.75,13.23 1 1
github.com/KarpelesLab/tpl/array.go:14.22,15.29 1 0
github.com/KarpelesLab/tpl/array.go:16.25,17.29 1 0
github.com/KarpelesLab/tpl/array.go:18.22,19.19 1 0
github.com/KarpelesLab/tpl/array.go:20.24,21.19 1 1
github.com/KarpelesLab/tpl/array.go:22.34,23.19 1 0
github.com/KarpelesLab/tpl/array.go:24.18,25.19 1 0
github.com/KarpelesLab/tpl/array.go:26.14,28.17 2 1
github.com/KarpelesLab/tpl/array.go:28.17,31.4 2 0
github.com/KarpelesLab/tpl/array.go:32.3,32.32 1 1
github.com/KarpelesLab/tpl/array.go:32.32,34.4 1 0
github.com/KarpelesLab/tpl/array.go:35.3,35.19 1 1
github.com/KarpelesLab/tpl/array.go:36.13,38.17 2 0
github.com/KarpelesLab/tpl/array.go:38.17,41.4 2 0
github.com/KarpelesLab/tpl/array.go:42.3,42.32 1 0
github.com/KarpelesLab/tpl/array.go:42.32,44.4 1 0
github.com/KarpelesLab/tpl/array.go:45.3,45.19 1 0
github.com/KarpelesLab/tpl/array.go:46.16,48.17 2 0
github.com/KarpelesLab/tpl/array.go:48.17,51.4 2 0
github.com/KarpelesLab/tpl/array.go:52.3,52.32 1 0
github.com/KarpelesLab/tpl/array.go:52.32,54.4 1 0
github.com/KarpelesLab/tpl/array.go:55.3,55.19 1 0
github.com/KarpelesLab/tpl/array.go:56.23,60.17 3 0
github.com/KarpelesLab/tpl/array.go:60.17,62.4 1 0
github.com/KarpelesLab/tpl/array.go:63.3,63.40 1 0
github.com/KarpelesLab/tpl/array.go:64.42,68.17 3 0
github.com/KarpelesLab/tpl/array.go:68.17,70.4 1 0
github.com/KarpelesLab/tpl/array.go:71.3,71.40 1 0
github.com/KarpelesLab/tpl/array.go:72.19,74.17 2 1
github.com/KarpelesLab/tpl/array.go:74.17,76.4 1 0
github.com/KarpelesLab/tpl/array.go:77.3,77.40 1 1
github.com/KarpelesLab/tpl/array.go:78.11,79.18 1 0
github.com/KarpelesLab/tpl/array.go:80.10,82.50 1 0
github.com/KarpelesLab/tpl/compare.go:10.75,12.15 1 1
github.com/KarpelesLab/tpl/compare.go:12.15,13.16 1 0
github.com/KarpelesLab/tpl/compare.go:13.16,16.4 1 0
github.com/KarpelesLab/tpl/compare.go:17.3,18.11 2 0
github.com/KarpelesLab/tpl/compare.go:22.2,22.39 1 1
github.com/KarpelesLab/tpl/compare.go:22.39,24.3 1 1
github.com/KarpelesLab/tpl/compare.go:26.2,26.41 1 1
github.com/KarpelesLab/tpl/compare.go:26.41,29.3 1 1
github.com/KarpelesLab/tpl/compare.go:31.2,33.16 3 1
github.com/KarpelesLab/tpl/compare.go:33.16,35.3 1 0
github.com/KarpelesLab/tpl/compare.go:37.2,37.26 1 1
github.com/KarpelesLab/tpl/compare.go:38.14,39.51 1 1
github.com/KarpelesLab/tpl/compare.go:40.10,41.23 1 1
github.com/KarpelesLab/tpl/compare.go:45.38,46.18 1 1
github.com/KarpelesLab/tpl/compare.go:47.12,48.11 1 1
github.com/KarpelesLab/tpl/compare.go:49.35,50.11 1 1
github.com/KarpelesLab/tpl/compare.go:51.37,52.11 1 1
github.com/KarpelesLab/tpl/compare.go:53.11,54.12 1 1
github.com/KarpelesLab/tpl/compare.go:55.10,56.11 1 1
github.com/KarpelesLab/tpl/compile.go:24.62,26.2 1 1
github.com/KarpelesLab/tpl/compile.go:28.44,34.2 5 1
github.com/KarpelesLab/tpl/compile.go:47.59,56.32 9 1
github.com/KarpelesLab/tpl/compile.go:56.32,58.3 1 1
github.com/KarpelesLab/tpl/compile.go:58.8,58.39 1 1
github.com/KarpelesLab/tpl/compile.go:58.39,60.3 1 1
github.com/KarpelesLab/tpl/compile.go:61.2,63.10 3 1
github.com/KarpelesLab/tpl/compile.go:66.65,76.2 9 1
github.com/KarpelesLab/tpl/compile.go:80.51,82.34 1 1
github.com/KarpelesLab/tpl/compile.go:82.34,84.3 1 1
github.com/KarpelesLab/tpl/compile.go:87.2,91.22 3 1
github.com/KarpelesLab/tpl/compile.go:91.22,93.3 1 1
github.com/KarpelesLab/tpl/compile.go:96.2,96.44 1 1
github.com/KarpelesLab/tpl/compile.go:96.44,98.35 1 1
github.com/KarpelesLab/tpl/compile.go:98.35,100.4 1 0
github.com/KarpelesLab/tpl/compile.go:102.3,102.60 1 1
github.com/KarpelesLab/tpl/compile.go:102.60,104.34 1 1
github.com/KarpelesLab/tpl/compile.go:104.34,110.5 1 0
github.com/KarpelesLab/tpl/compile.go:111.4,111.14 1 1
github.com/KarpelesLab/tpl/compile.go:115.2,115.12 1 1
github.com/KarpelesLab/tpl/compile.go:118.35,119.27 1 1
github.com/KarpelesLab/tpl/compile.go:119.27,121.3 1 1
github.com/KarpelesLab/tpl/compile.go:122.2,123.20 2 1
github.com/KarpelesLab/tpl/compile.go:126.79,140.33 8 1
github.com/KarpelesLab/tpl/compile.go:140.33,145.22 4 1
github.com/KarpelesLab/tpl/compile.go:145.22,147.4 1 1
github.com/KarpelesLab/tpl/compile.go:147.9,149.4 1 1
github.com/KarpelesLab/tpl/compile.go:152.3,152.10 1 1
github.com/KarpelesLab/tpl/compile.go:153.41,154.25 1 1
github.com/KarpelesLab/tpl/compile.go:154.25,160.10 5 0
github.com/KarpelesLab/tpl/compile.go:163.4,163.50 1 1
github.com/KarpelesLab/tpl/compile.go:163.50,165.19 2 1
github.com/KarpelesLab/tpl/compile.go:165.19,168.11 3 1
github.com/KarpelesLab/tpl/compile.go:171.4,174.17 4 1
github.com/KarpelesLab/tpl/compile.go:175.94,177.40 2 1
github.com/KarpelesLab/tpl/compile.go:177.40,179.5 1 1
github.com/KarpelesLab/tpl/compile.go:180.4,182.17 3 1
github.com/KarpelesLab/tpl/compile.go:183.78,186.17 3 1
github.com/KarpelesLab/tpl/compile.go:187.74,189.24 2 1
github.com/KarpelesLab/tpl/compile.go:190.57,192.15 2 1
github.com/KarpelesLab/tpl/compile.go:193.74,195.24 2 1
github.com/KarpelesLab/tpl/compile.go:196.57,198.15 2 1
github.com/KarpelesLab/tpl/compile.go:199.114,201.40 2 1
github.com/KarpelesLab/tpl/compile.go:201.40,203.5 1 1
github.com/KarpelesLab/tpl/compile.go:204.4,204.24 1 1
github.com/KarpelesLab/tpl/compile.go:205.22,208.31 3 1
github.com/KarpelesLab/tpl/compile.go:209.11,210.31 1 1
github.com/KarpelesLab/tpl/compile.go:214.2,216.20 2 1
github.com/KarpelesLab/tpl/compile.go:216.20,218.35 2 0
github.com/KarpelesLab/tpl/compile.go:218.35,220.4 1 0
github.com/KarpelesLab/tpl/compile.go:221.3,221.106 1 0
github.com/KarpelesLab/tpl/compile.go:224.2,224.44 1 1
github.com/KarpelesLab/tpl/compile.go:227.88,229.16 2 1
github.com/KarpelesLab/tpl/compile.go:229.16,231.3 1 1
github.com/KarpelesLab/tpl/compile.go:232.2,234.12 2 1
github.com/KarpelesLab/tpl/compile.go:237.126,246.31 7 1
github.com/KarpelesLab/tpl/compile.go:246.31,251.17 4 1
github.com/KarpelesLab/tpl/compile.go:252.15,253.20 1 1
github.com/KarpelesLab/tpl/compile.go:253.20,257.35 3 1
github.com/KarpelesLab/tpl/compile.go:257.35,258.20 1 1
github.com/KarpelesLab/tpl/compile.go:259.33,260.12 1 1
github.com/KarpelesLab/tpl/compile.go:261.65,262.33 1 1
github.com/KarpelesLab/tpl/compile.go:263.14,268.25 3 1
github.com/KarpelesLab/tpl/compile.go:268.25,271.8 2 1
github.com/KarpelesLab/tpl/compile.go:272.7,272.14 1 1
github.com/KarpelesLab/tpl/compile.go:272.14,275.8 2 1
github.com/KarpelesLab/tpl/compile.go:277.7,277.14 1 1
github.com/KarpelesLab/tpl/compile.go:277.14,279.8 1 0
github.com/KarpelesLab/tpl/compile.go:282.7,282.23 1 1
github.com/KarpelesLab/tpl/compile.go:282.23,288.8 5 1
github.com/KarpelesLab/tpl/compile.go:289.7,294.17 6 1
github.com/KarpelesLab/tpl/compile.go:294.17,296.8 1 1
github.com/KarpelesLab/tpl/compile.go:299.5,299.21 1 1
github.com/KarpelesLab/tpl/compile.go:299.21,302.6 2 1
github.com/KarpelesLab/tpl/compile.go:302.11,304.6 1 1
github.com/KarpelesLab/tpl/compile.go:305.10,307.21 1 1
github.com/KarpelesLab/tpl/compile.go:307.21,309.6 1 0
github.com/KarpelesLab/tpl/compile.go:309.11,312.6 2 1
github.com/KarpelesLab/tpl/compile.go:314.12,317.66 3 1
github.com/KarpelesLab/tpl/compile.go:318.12,321.65 3 1
github.com/KarpelesLab/tpl/compile.go:322.12,323.24 1 1
github.com/KarpelesLab/tpl/compile.go:323.24,327.5 2 0
github.com/KarpelesLab/tpl/compile.go:328.4,328.32 1 1
github.com/KarpelesLab/tpl/compile.go:328.32,331.5 2 0
github.com/KarpelesLab/tpl/compile.go:332.4,336.18 5 1
github.com/KarpelesLab/tpl/compile.go:336.18,338.5 1 0
github.com/KarpelesLab/tpl/compile.go:339.4,339.53 1 1
github.com/KarpelesLab/tpl/compile.go:339.53,343.5 2 1
github.com/KarpelesLab/tpl/compile.go:345.4,345.72 1 1
github.com/KarpelesLab/tpl/compile.go:346.13,348.32 1 1
github.com/KarpelesLab/tpl/compile.go:348.32,353.19 4 0
github.com/KarpelesLab/tpl/compile.go:353.19,355.6 1 0
github.com/KarpelesLab/tpl/compile.go:356.5,357.10 2 0
github.com/KarpelesLab/tpl/compile.go:361.4,363.21 3 1
github.com/KarpelesLab/tpl/compile.go:363.21,364.25 1 1
github.com/KarpelesLab/tpl/compile.go:364.25,368.6 2 0
github.com/KarpelesLab/tpl/compile.go:369.5,373.28 5 1
github.com/KarpelesLab/tpl/compile.go:373.28,376.30 3 1
github.com/KarpelesLab/tpl/compile.go:376.30,377.62 1 1
github.com/KarpelesLab/tpl/compile.go:377.62,379.22 2 1
github.com/KarpelesLab/tpl/compile.go:379.22,382.9 2 0
github.com/KarpelesLab/tpl/compile.go:383.8,383.22 1 1
github.com/KarpelesLab/tpl/compile.go:383.22,389.9 4 1
github.com/KarpelesLab/tpl/compile.go:393.5,393.19 1 1
github.com/KarpelesLab/tpl/compile.go:393.19,395.6 1 0
github.com/KarpelesLab/tpl/compile.go:396.5,397.10 2 1
github.com/KarpelesLab/tpl/compile.go:399.4,400.17 2 1
github.com/KarpelesLab/tpl/compile.go:400.17,402.5 1 1
github.com/KarpelesLab/tpl/compile.go:403.4,403.32 1 1
github.com/KarpelesLab/tpl/compile.go:404.19,407.44 3 1
github.com/KarpelesLab/tpl/compile.go:407.44,410.6 2 0
github.com/KarpelesLab/tpl/compile.go:411.5,411.25 1 1
github.com/KarpelesLab/tpl/compile.go:411.25,415.6 2 1
github.com/KarpelesLab/tpl/compile.go:416.5,416.33 1 1
github.com/KarpelesLab/tpl/compile.go:416.33,420.6 2 0
github.com/KarpelesLab/tpl/compile.go:422.5,423.19 2 1
github.com/KarpelesLab/tpl/compile.go:423.19,425.6 1 0
github.com/KarpelesLab/tpl/compile.go:426.5,428.46 3 1
github.com/KarpelesLab/tpl/compile.go:428.46,431.6 2 0
github.com/KarpelesLab/tpl/compile.go:432.5,433.67 2 1
github.com/KarpelesLab/tpl/compile.go:433.67,436.6 2 0
github.com/KarpelesLab/tpl/compile.go:437.5,440.34 4 1
github.com/KarpelesLab/tpl/compile.go:441.20,442.57 1 1
github.com/KarpelesLab/tpl/compile.go:442.57,445.6 2 0
github.com/KarpelesLab/tpl/compile.go:446.5,448.12 3 1
github.com/KarpelesLab/tpl/compile.go:449.15,452.22 3 1
github.com/KarpelesLab/tpl/compile.go:452.22,453.25 1 0
github.com/KarpelesLab/tpl/compile.go:453.25,455.7 1 0
github.com/KarpelesLab/tpl/compile.go:455.12,458.7 1 0
github.com/KarpelesLab/tpl/compile.go:459.11,461.6 1 1
github.com/KarpelesLab/tpl/compile.go:464.5,464.25 1 1
github.com/KarpelesLab/tpl/compile.go:464.25,465.34 1 1
github.com/KarpelesLab/tpl/compile.go:465.34,468.7 2 0
github.com/KarpelesLab/tpl/compile.go:470.6,471.38 2 1
github.com/KarpelesLab/tpl/compile.go:471.38,474.7 2 0
github.com/KarpelesLab/tpl/compile.go:475.6,477.23 2 1
github.com/KarpelesLab/tpl/compile.go:477.23,480.7 2 0
github.com/KarpelesLab/tpl/compile.go:482.6,487.20 6 1
github.com/KarpelesLab/tpl/compile.go:487.20,489.7 1 0
github.com/KarpelesLab/tpl/compile.go:491.6,493.25 2 1
github.com/KarpelesLab/tpl/compile.go:496.5,499.34 4 1
github.com/KarpelesLab/tpl/compile.go:500.16,501.53 1 1
github.com/KarpelesLab/tpl/compile.go:501.53,504.6 2 0
github.com/KarpelesLab/tpl/compile.go:505.5,507.12 3 1
github.com/KarpelesLab/tpl/compile.go:508.14,511.22 3 1
github.com/KarpelesLab/tpl/compile.go:511.22,512.25 1 1
github.com/KarpelesLab/tpl/compile.go:512.25,514.7 1 1
github.com/KarpelesLab/tpl/compile.go:514.12,517.7 1 0
github.com/KarpelesLab/tpl/compile.go:518.11,520.6 1 1
github.com/KarpelesLab/tpl/compile.go:521.5,522.19 2 1
github.com/KarpelesLab/tpl/compile.go:522.19,524.6 1 0
github.com/KarpelesLab/tpl/compile.go:525.5,528.34 4 1
github.com/KarpelesLab/tpl/compile.go:529.15,530.52 1 1
github.com/KarpelesLab/tpl/compile.go:530.52,533.6 2 0
github.com/KarpelesLab/tpl/compile.go:534.5,536.12 3 1
github.com/KarpelesLab/tpl/compile.go:537.16,538.93 1 1
github.com/KarpelesLab/tpl/compile.go:538.93,541.6 2 0
github.com/KarpelesLab/tpl/compile.go:542.5,542.34 1 1
github.com/KarpelesLab/tpl/compile.go:542.34,545.6 2 0
github.com/KarpelesLab/tpl/compile.go:546.5,548.12 3 1
github.com/KarpelesLab/tpl/compile.go:549.18,551.54 1 1
github.com/KarpelesLab/tpl/compile.go:551.54,554.6 2 0
github.com/KarpelesLab/tpl/compile.go:555.5,555.34 1 1
github.com/KarpelesLab/tpl/compile.go:555.34,558.6 2 0
github.com/KarpelesLab/tpl/compile.go:560.5,562.22 3 1
github.com/KarpelesLab/tpl/compile.go:562.22,563.25 1 1
github.com/KarpelesLab/tpl/compile.go:563.25,565.7 1 1
github.com/KarpelesLab/tpl/compile.go:565.12,568.7 1 0
github.com/KarpelesLab/tpl/compile.go:569.11,571.6 1 0
github.com/KarpelesLab/tpl/compile.go:572.5,573.19 2 1
github.com/KarpelesLab/tpl/compile.go:573.19,575.6 1 0
github.com/KarpelesLab/tpl/compile.go:576.5,582.34 4 1
github.com/KarpelesLab/tpl/compile.go:583.15,589.34 6 1
github.com/KarpelesLab/tpl/compile.go:590.17,592.55 1 1
github.com/KarpelesLab/tpl/compile.go:592.55,595.6 2 0
github.com/KarpelesLab/tpl/compile.go:596.5,596.34 1 1
github.com/KarpelesLab/tpl/compile.go:596.34,599.6 2 0
github.com/KarpelesLab/tpl/compile.go:601.5,601.22 1 1
github.com/KarpelesLab/tpl/compile.go:601.22,602.25 1 0
github.com/KarpelesLab/tpl/compile.go:602.25,605.7 2 0
github.com/KarpelesLab/tpl/compile.go:606.11,608.6 1 1
github.com/KarpelesLab/tpl/compile.go:610.5,612.12 3 1
github.com/KarpelesLab/tpl/compile.go:613.16,614.53 1 1
github.com/KarpelesLab/tpl/compile.go:614.53,617.6 2 0
github.com/KarpelesLab/tpl/compile.go:618.5,620.12 3 1
github.com/KarpelesLab/tpl/compile.go:622.4,622.16 1 1
github.com/KarpelesLab/tpl/compile.go:622.16,623.10 1 1
github.com/KarpelesLab/tpl/compile.go:625.4,625.32 1 1
github.com/KarpelesLab/tpl/compile.go:625.32,628.16 2 1
github.com/KarpelesLab/tpl/compile.go:628.16,630.6 1 1
github.com/KarpelesLab/tpl/compile.go:630.11,632.6 1 1
github.com/KarpelesLab/tpl/compile.go:633.5,636.19 4 1
github.com/KarpelesLab/tpl/compile.go:636.19,638.6 1 0
github.com/KarpelesLab/tpl/compile.go:639.5,639.73 1 1
github.com/KarpelesLab/tpl/compile.go:643.3,643.17 1 1
github.com/KarpelesLab/tpl/compile.go:643.17,644.14 1 0
github.com/KarpelesLab/tpl/compile.go:647.3,647.15 1 1
github.com/KarpelesLab/tpl/compile.go:647.15,648.32 1 1
github.com/KarpelesLab/tpl/compile.go:648.32,650.5 1 0
github.com/KarpelesLab/tpl/compile.go:651.4,651.26 1 1
github.com/KarpelesLab/tpl/compile.go:655.2,655.16 1 1
github.com/KarpelesLab/tpl/compile.go:655.16,659.3 2 0
github.com/KarpelesLab/tpl/compile.go:662.2,662.19 1 1
github.com/KarpelesLab/tpl/compile.go:662.19,664.3 1 1
github.com/KarpelesLab/tpl/compile.go:668.2,670.6 2 1
github.com/KarpelesLab/tpl/compile.go:670.6,676.25 4 1
github.com/KarpelesLab/tpl/compile.go:676.25,677.52 1 1
github.com/KarpelesLab/tpl/compile.go:677.52,680.18 3 1
github.com/KarpelesLab/tpl/compile.go:680.18,683.6 1 0
github.com/KarpelesLab/tpl/compile.go:684.5,684.25 1 1
github.com/KarpelesLab/tpl/compile.go:684.25,687.6 2 1
github.com/KarpelesLab/tpl/compile.go:690.3,690.14 1 1
github.com/KarpelesLab/tpl/compile.go:690.14,691.9 1 1
github.com/KarpelesLab/tpl/compile.go:694.3,696.27 2 1
github.com/KarpelesLab/tpl/compile.go:696.27,698.4 1 0
github.com/KarpelesLab/tpl/compile.go:700.3,702.18 2 1
github.com/KarpelesLab/tpl/compile.go:702.18,703.36 1 1
github.com/KarpelesLab/tpl/compile.go:703.36,708.13 4 1
github.com/KarpelesLab/tpl/compile.go:710.4,710.76 1 0
github.com/KarpelesLab/tpl/compile.go:713.3,713.35 1 1
github.com/KarpelesLab/tpl/compile.go:713.35,720.12 6 0
github.com/KarpelesLab/tpl/compile.go:723.3,725.19 2 1
github.com/KarpelesLab/tpl/compile.go:725.19,726.25 1 1
github.com/KarpelesLab/tpl/compile.go:726.25,728.29 1 1
github.com/KarpelesLab/tpl/compile.go:728.29,730.6 1 0
github.com/KarpelesLab/tpl/compile.go:732.5,737.13 6 1
github.com/KarpelesLab/tpl/compile.go:738.10,743.5 3 1
github.com/KarpelesLab/tpl/compile.go:747.3,753.72 6 1
github.com/KarpelesLab/tpl/compile.go:756.2,756.8 1 1
github.com/KarpelesLab/tpl/date.go:17.13,20.2 2 1
github.com/KarpelesLab/tpl/date.go:22.85,24.21 2 0
github.com/KarpelesLab/tpl/date.go:24.21,26.3 1 0
github.com/KarpelesLab/tpl/date.go:27.2,27.13 1 0
github.com/KarpelesLab/tpl/date.go:27.13,29.3 1 0
github.com/KarpelesLab/tpl/date.go:32.2,33.16 2 0
github.com/KarpelesLab/tpl/date.go:33.16,35.3 1 0
github.com/KarpelesLab/tpl/date.go:37.2,38.16 2 0
github.com/KarpelesLab/tpl/date.go:38.16,40.3 1 0
github.com/KarpelesLab/tpl/date.go:42.2,45.16 4 0
github.com/KarpelesLab/tpl/date.go:45.16,47.3 1 0
github.com/KarpelesLab/tpl/date.go:49.2,49.56 1 0
github.com/KarpelesLab/tpl/date.go:52.50,53.6 1 1
github.com/KarpelesLab/tpl/date.go:53.6,55.25 2 1
github.com/KarpelesLab/tpl/date.go:55.25,57.4 1 1
github.com/KarpelesLab/tpl/date.go:61.89,66.11 3 1
github.com/KarpelesLab/tpl/date.go:66.11,69.3 2 0
github.com/KarpelesLab/tpl/date.go:71.2,71.9 1 1
github.com/KarpelesLab/tpl/date.go:72.18,76.14 4 1
github.com/KarpelesLab/tpl/date.go:77.17,81.14 4 1
github.com/KarpelesLab/tpl/date.go:82.10,87.51 4 1
github.com/KarpelesLab/tpl/date.go:90.2,90.33 1 1
github.com/KarpelesLab/tpl/date.go:93.72,94.24 1 0
github.com/KarpelesLab/tpl/date.go:95.14,97.14 2 0
github.com/KarpelesLab/tpl/date.go:97.14,99.4 1 0
github.com/KarpelesLab/tpl/date.go:100.3,100.17 1 0
github.com/KarpelesLab/tpl/date.go:100.17,102.4 1 0
github.com/KarpelesLab/tpl/date.go:103.3,103.18 1 0
github.com/KarpelesLab/tpl/date.go:103.18,107.17 3 0
github.com/KarpelesLab/tpl/date.go:107.17,110.19 2 0
github.com/KarpelesLab/tpl/date.go:110.19,112.6 1 0
github.com/KarpelesLab/tpl/date.go:113.5,113.32 1 0
github.com/KarpelesLab/tpl/date.go:115.4,116.18 2 0
github.com/KarpelesLab/tpl/date.go:116.18,118.5 1 0
github.com/KarpelesLab/tpl/date.go:119.4,120.15 2 0
github.com/KarpelesLab/tpl/date.go:120.15,123.5 1 0
github.com/KarpelesLab/tpl/date.go:125.4,125.18 1 0
github.com/KarpelesLab/tpl/date.go:125.18,127.5 1 0
github.com/KarpelesLab/tpl/date.go:127.10,127.25 1 0
github.com/KarpelesLab/tpl/date.go:127.25,129.5 1 0
github.com/KarpelesLab/tpl/date.go:130.4,131.18 2 0
github.com/KarpelesLab/tpl/date.go:131.18,133.5 1 0
github.com/KarpelesLab/tpl/date.go:134.4,134.42 1 0
github.com/KarpelesLab/tpl/date.go:137.3,137.64 1 0
github.com/KarpelesLab/tpl/date.go:138.23,141.17 3 0
github.com/KarpelesLab/tpl/date.go:141.17,143.4 1 0
github.com/KarpelesLab/tpl/date.go:144.3,144.27 1 0
github.com/KarpelesLab/tpl/date.go:145.42,148.17 3 0
github.com/KarpelesLab/tpl/date.go:148.17,150.4 1 0
github.com/KarpelesLab/tpl/date.go:151.3,151.27 1 0
github.com/KarpelesLab/tpl/date.go:152.30,153.39 1 0
github.com/KarpelesLab/tpl/date.go:153.39,156.13 2 0
github.com/KarpelesLab/tpl/date.go:156.13,158.5 1 0
github.com/KarpelesLab/tpl/date.go:159.4,162.18 4 0
github.com/KarpelesLab/tpl/date.go:162.18,164.5 1 0
github.com/KarpelesLab/tpl/date.go:165.4,166.18 2 0
github.com/KarpelesLab/tpl/date.go:166.18,168.5 1 0
github.com/KarpelesLab/tpl/date.go:169.4,169.44 1 0
github.com/KarpelesLab/tpl/date.go:171.3,171.66 1 0
github.com/KarpelesLab/tpl/date.go:172.14,173.35 1 0
github.com/KarpelesLab/tpl/date.go:174.21,175.43 1 0
github.com/KarpelesLab/tpl/date.go:176.19,178.17 2 0
github.com/KarpelesLab/tpl/date.go:178.17,180.4 1 0
github.com/KarpelesLab/tpl/date.go:181.3,181.27 1 0
github.com/KarpelesLab/tpl/date.go:182.10,183.72 1 0
github.com/KarpelesLab/tpl/debug.go:15.53,18.23 2 1
github.com/KarpelesLab/tpl/debug.go:19.21,20.17 1 0
github.com/KarpelesLab/tpl/debug.go:21.14,23.24 2 0
github.com/KarpelesLab/tpl/debug.go:23.24,25.4 1 0
github.com/KarpelesLab/tpl/debug.go:26.3,26.22 1 0
github.com/KarpelesLab/tpl/debug.go:27.23,30.22 3 1
github.com/KarpelesLab/tpl/debug.go:31.23,32.50 1 0
github.com/KarpelesLab/tpl/debug.go:33.42,34.65 1 0
github.com/KarpelesLab/tpl/debug.go:35.21,36.48 1 0
github.com/KarpelesLab/tpl/debug.go:37.10,38.41 1 1
github.com/KarpelesLab/tpl/debug.go:42.47,45.18 3 0
github.com/KarpelesLab/tpl/debug.go:45.18,47.3 1 0
github.com/KarpelesLab/tpl/debug.go:48.2,48.21 1 0
github.com/KarpelesLab/tpl/debug.go:48.21,50.28 2 0
github.com/KarpelesLab/tpl/debug.go:50.28,52.4 1 0
github.com/KarpelesLab/tpl/debug.go:54.2,54.26 1 0
github.com/KarpelesLab/tpl/debug.go:54.26,56.33 2 0
github.com/KarpelesLab/tpl/debug.go:56.33,58.4 1 0
github.com/KarpelesLab/tpl/debug.go:62.51,65.17 3 0
github.com/KarpelesLab/tpl/debug.go:65.17,67.3 1 0
github.com/KarpelesLab/tpl/debug.go:68.2,68.20 1 0
github.com/KarpelesLab/tpl/debug.go:68.20,69.27 1 0
github.com/KarpelesLab/tpl/debug.go:69.27,71.4 1 0
github.com/KarpelesLab/tpl/debug.go:73.2,73.24 1 0
github.com/KarpelesLab/tpl/debug.go:73.24,76.3 2 0
github.com/KarpelesLab/tpl/debug.go:77.2,77.20 1 0
github.com/KarpelesLab/tpl/debug.go:77.20,80.3 2 0
github.com/KarpelesLab/tpl/debug.go:83.52,86.23 3 0
github.com/KarpelesLab/tpl/debug.go:86.23,89.3 2 0
github.com/KarpelesLab/tpl/debug.go:90.2,90.30 1 0
github.com/KarpelesLab/tpl/debug.go:93.43,95.31 2 0
github.com/KarpelesLab/tpl/debug.go:95.31,98.3 2 0
github.com/KarpelesLab/tpl/engine.go:29.18,33.2 3 1
github.com/KarpelesLab/tpl/engine.go:38.33,40.9 2 1
github.com/KarpelesLab/tpl/engine.go:40.9,42.3 1 0
github.com/KarpelesLab/tpl/engine.go:43.2,44.8 2 1
github.com/KarpelesLab/tpl/engine.go:44.8,46.3 1 1
github.com/KarpelesLab/tpl/engine.go:47.2,47.12 1 1
github.com/KarpelesLab/tpl/engine.go:52.45,54.2 1 1
github.com/KarpelesLab/tpl/engine.go:56.90,59.16 3 1
github.com/KarpelesLab/tpl/engine.go:59.16,61.3 1 0
github.com/KarpelesLab/tpl/engine.go:62.2,64.19 2 1
github.com/KarpelesLab/tpl/engine.go:64.19,66.3 1 0
github.com/KarpelesLab/tpl/engine.go:68.2,71.19 3 1
github.com/KarpelesLab/tpl/engine.go:71.19,73.3 1 0
github.com/KarpelesLab/tpl/engine.go:75.2,77.36 2 1
github.com/KarpelesLab/tpl/engine.go:77.36,80.3 1 1
github.com/KarpelesLab/tpl/engine.go:81.2,81.16 1 1
github.com/KarpelesLab/tpl/engine.go:81.16,83.39 2 1
github.com/KarpelesLab/tpl/engine.go:83.39,85.4 1 1
github.com/KarpelesLab/tpl/engine.go:85.9,89.4 2 0
github.com/KarpelesLab/tpl/engine.go:93.2,93.19 1 1
github.com/KarpelesLab/tpl/engine.go:93.19,94.30 1 1
github.com/KarpelesLab/tpl/engine.go:94.30,96.18 2 1
github.com/KarpelesLab/tpl/engine.go:96.18,98.5 1 0
github.com/KarpelesLab/tpl/engine.go:102.2,102.33 1 1
github.com/KarpelesLab/tpl/engine.go:107.84,109.34 1 1
github.com/KarpelesLab/tpl/engine.go:109.34,111.3 1 0
github.com/KarpelesLab/tpl/engine.go:114.2,114.19 1 1
github.com/KarpelesLab/tpl/engine.go:114.19,116.3 1 1
github.com/KarpelesLab/tpl/engine.go:117.2,117.19 1 1
github.com/KarpelesLab/tpl/engine.go:117.19,119.3 1 1
github.com/KarpelesLab/tpl/engine.go:122.2,122.30 1 1
github.com/KarpelesLab/tpl/engine.go:122.30,123.25 1 0
github.com/KarpelesLab/tpl/engine.go:123.25,125.36 1 0
github.com/KarpelesLab/tpl/engine.go:125.36,127.5 1 0
github.com/KarpelesLab/tpl/engine.go:129.4,129.41 1 0
github.com/KarpelesLab/tpl/engine.go:129.41,131.5 1 0
github.com/KarpelesLab/tpl/engine.go:133.3,133.13 1 0
github.com/KarpelesLab/tpl/engine.go:137.2,146.24 7 1
github.com/KarpelesLab/tpl/engine.go:146.24,149.47 2 1
github.com/KarpelesLab/tpl/engine.go:149.47,151.17 2 1
github.com/KarpelesLab/tpl/engine.go:151.17,152.33 1 1
github.com/KarpelesLab/tpl/engine.go:152.33,153.13 1 0
github.com/KarpelesLab/tpl/engine.go:154.45,155.76 1 0
github.com/KarpelesLab/tpl/engine.go:156.14,156.14 0 0
github.com/KarpelesLab/tpl/engine.go:163.4,164.16 2 1
github.com/KarpelesLab/tpl/engine.go:164.16,165.12 1 1
github.com/KarpelesLab/tpl/engine.go:166.22,168.14 1 1
github.com/KarpelesLab/tpl/engine.go:169.13,169.13 0 0
github.com/KarpelesLab/tpl/engine.go:175.2,178.9 2 1
github.com/KarpelesLab/tpl/engine.go:179.20,180.19 1 0
github.com/KarpelesLab/tpl/engine.go:181.10,181.10 0 1
github.com/KarpelesLab/tpl/engine.go:185.2,185.21 1 1
github.com/KarpelesLab/tpl/engine.go:185.21,189.3 3 1
github.com/KarpelesLab/tpl/engine.go:191.2,194.28 2 1
github.com/KarpelesLab/tpl/engine.go:194.28,195.50 1 1
github.com/KarpelesLab/tpl/engine.go:195.50,198.4 2 0
github.com/KarpelesLab/tpl/engine.go:201.2,201.12 1 1
github.com/KarpelesLab/tpl/engine.go:205.68,208.16 3 1
github.com/KarpelesLab/tpl/engine.go:208.16,210.3 1 0
github.com/KarpelesLab/tpl/engine.go:211.2,211.27 1 1
github.com/KarpelesLab/tpl/engine.go:215.63,217.2 1 1
github.com/KarpelesLab/tpl/engine.go:220.68,223.16 3 0
github.com/KarpelesLab/tpl/engine.go:223.16,225.3 1 0
github.com/KarpelesLab/tpl/engine.go:226.2,226.31 1 0
github.com/KarpelesLab/tpl/engine.go:230.63,232.2 1 0
github.com/KarpelesLab/tpl/engine.go:234.40,235.22 1 1
github.com/KarpelesLab/tpl/engine.go:235.22,236.20 1 1
github.com/KarpelesLab/tpl/engine.go:236.20,238.4 1 1
github.com/KarpelesLab/tpl/engine.go:240.2,240.13 1 1
github.com/KarpelesLab/tpl/engine.go:243.40,245.44 1 1
github.com/KarpelesLab/tpl/engine.go:245.44,247.3 1 0
github.com/KarpelesLab/tpl/engine.go:249.2,249.15 1 1
github.com/KarpelesLab/tpl/engine.go:250.20,251.14 1 1
github.com/KarpelesLab/tpl/engine.go:252.20,253.15 1 1
github.com/KarpelesLab/tpl/engine.go:254.21,255.29 1 1
github.com/KarpelesLab/tpl/engine.go:256.20,257.27 1 1
github.com/KarpelesLab/tpl/engine.go:257.27,258.21 1 1
github.com/KarpelesLab/tpl/engine.go:258.21,260.5 1 0
github.com/KarpelesLab/tpl/engine.go:262.3,262.14 1 1
github.com/KarpelesLab/tpl/engine.go:263.19,264.29 1 1
github.com/KarpelesLab/tpl/engine.go:265.21,266.15 1 0
github.com/KarpelesLab/tpl/engine.go:267.10,268.15 1 1
github.com/KarpelesLab/tpl/engine.go:275.70,277.34 1 1
github.com/KarpelesLab/tpl/engine.go:277.34,279.3 1 0
github.com/KarpelesLab/tpl/engine.go:282.2,283.16 2 1
github.com/KarpelesLab/tpl/engine.go:283.16,285.3 1 0
github.com/KarpelesLab/tpl/engine.go:288.2,289.9 2 1
github.com/KarpelesLab/tpl/engine.go:289.9,291.3 1 1
github.com/KarpelesLab/tpl/engine.go:292.2,292.21 1 1
github.com/KarpelesLab/tpl/engine.go:295.76,297.44 2 1
github.com/KarpelesLab/tpl/engine.go:297.44,302.31 4 1
github.com/KarpelesLab/tpl/engine.go:302.31,303.31 1 1
github.com/KarpelesLab/tpl/engine.go:303.31,304.22 1 1
github.com/KarpelesLab/tpl/engine.go:304.22,306.6 1 1
github.com/KarpelesLab/tpl/engine.go:307.5,307.13 1 1
github.com/KarpelesLab/tpl/engine.go:309.4,309.28 1 1
github.com/KarpelesLab/tpl/engine.go:309.28,310.13 1 0
github.com/KarpelesLab/tpl/engine.go:312.4,313.18 2 1
github.com/KarpelesLab/tpl/engine.go:313.18,315.5 1 0
github.com/KarpelesLab/tpl/engine.go:317.3,317.17 1 1
github.com/KarpelesLab/tpl/engine.go:317.17,319.4 1 1
github.com/KarpelesLab/tpl/engine.go:322.2,322.15 1 1
github.com/KarpelesLab/tpl/engine.go:323.20,324.30 1 1
github.com/KarpelesLab/tpl/engine.go:325.20,327.17 2 1
github.com/KarpelesLab/tpl/engine.go:327.17,329.4 1 0
github.com/KarpelesLab/tpl/engine.go:330.21,331.51 1 1
github.com/KarpelesLab/tpl/engine.go:331.51,333.4 1 0
github.com/KarpelesLab/tpl/engine.go:334.20,337.27 2 1
github.com/KarpelesLab/tpl/engine.go:337.27,339.4 1 1
github.com/KarpelesLab/tpl/engine.go:340.3,340.27 1 1
github.com/KarpelesLab/tpl/engine.go:341.24,342.16 1 1
github.com/KarpelesLab/tpl/engine.go:343.17,345.77 1 1
github.com/KarpelesLab/tpl/engine.go:345.77,347.5 1 0
github.com/KarpelesLab/tpl/engine.go:347.10,349.19 2 1
github.com/KarpelesLab/tpl/engine.go:349.19,351.6 1 0
github.com/KarpelesLab/tpl/engine.go:353.11,354.81 1 1
github.com/KarpelesLab/tpl/engine.go:354.81,356.5 1 0
github.com/KarpelesLab/tpl/engine.go:356.10,358.19 2 1
github.com/KarpelesLab/tpl/engine.go:358.19,360.6 1 0
github.com/KarpelesLab/tpl/engine.go:363.23,368.86 3 1
github.com/KarpelesLab/tpl/engine.go:368.86,376.67 2 1
github.com/KarpelesLab/tpl/engine.go:376.67,378.5 1 0
github.com/KarpelesLab/tpl/engine.go:380.4,381.14 2 1
github.com/KarpelesLab/tpl/engine.go:383.3,383.17 1 1
github.com/KarpelesLab/tpl/engine.go:383.17,385.4 1 0
github.com/KarpelesLab/tpl/engine.go:387.3,387.33 1 1
github.com/KarpelesLab/tpl/engine.go:387.33,389.52 1 1
github.com/KarpelesLab/tpl/engine.go:389.52,391.5 1 0
github.com/KarpelesLab/tpl/engine.go:393.18,396.49 2 1
github.com/KarpelesLab/tpl/engine.go:396.49,398.4 1 0
github.com/KarpelesLab/tpl/engine.go:399.3,399.23 1 1
github.com/KarpelesLab/tpl/engine.go:399.23,400.52 1 1
github.com/KarpelesLab/tpl/engine.go:400.52,402.5 1 0
github.com/KarpelesLab/tpl/engine.go:403.9,404.22 1 1
github.com/KarpelesLab/tpl/engine.go:404.22,405.53 1 1
github.com/KarpelesLab/tpl/engine.go:405.53,407.6 1 0
github.com/KarpelesLab/tpl/engine.go:410.20,412.60 1 1
github.com/KarpelesLab/tpl/engine.go:412.60,415.18 2 0
github.com/KarpelesLab/tpl/engine.go:415.18,417.5 1 0
github.com/KarpelesLab/tpl/engine.go:418.4,418.49 1 0
github.com/KarpelesLab/tpl/engine.go:418.49,420.5 1 0
github.com/KarpelesLab/tpl/engine.go:421.9,421.46 1 1
github.com/KarpelesLab/tpl/engine.go:421.46,424.18 2 1
github.com/KarpelesLab/tpl/engine.go:424.18,426.5 1 0
github.com/KarpelesLab/tpl/engine.go:427.4,427.56 1 1
github.com/KarpelesLab/tpl/engine.go:427.56,429.5 1 1
github.com/KarpelesLab/tpl/engine.go:430.9,432.4 1 0
github.com/KarpelesLab/tpl/engine.go:433.19,434.51 1 1
github.com/KarpelesLab/tpl/engine.go:434.51,436.4 1 0
github.com/KarpelesLab/tpl/engine.go:437.19,438.51 1 1
github.com/KarpelesLab/tpl/engine.go:438.51,440.4 1 0
github.com/KarpelesLab/tpl/engine.go:441.19,443.46 2 1
github.com/KarpelesLab/tpl/engine.go:443.46,445.22 1 1
github.com/KarpelesLab/tpl/engine.go:445.22,447.20 2 1
github.com/KarpelesLab/tpl/engine.go:447.20,449.6 1 1
github.com/KarpelesLab/tpl/engine.go:449.11,451.6 1 0
github.com/KarpelesLab/tpl/engine.go:452.5,453.20 2 1
github.com/KarpelesLab/tpl/engine.go:453.20,455.6 1 0
github.com/KarpelesLab/tpl/engine.go:457.9,459.4 1 0
github.com/KarpelesLab/tpl/engine.go:460.21,461.34 1 1
github.com/KarpelesLab/tpl/engine.go:462.10,463.70 1 0
github.com/KarpelesLab/tpl/engine.go:467.2,467.19 1 1
github.com/KarpelesLab/tpl/engine.go:467.19,469.31 1 1
github.com/KarpelesLab/tpl/engine.go:469.31,470.31 1 1
github.com/KarpelesLab/tpl/engine.go:470.31,471.13 1 0
github.com/KarpelesLab/tpl/engine.go:473.4,473.40 1 1
github.com/KarpelesLab/tpl/engine.go:473.40,475.19 2 1
github.com/KarpelesLab/tpl/engine.go:475.19,477.6 1 0
github.com/KarpelesLab/tpl/engine.go:478.5,479.22 2 1
github.com/KarpelesLab/tpl/engine.go:479.22,481.13 2 1
github.com/KarpelesLab/tpl/engine.go:481.13,483.7 1 1
github.com/KarpelesLab/tpl/engine.go:485.5,486.64 2 1
github.com/KarpelesLab/tpl/engine.go:486.64,488.6 1 0
github.com/KarpelesLab/tpl/engine.go:489.5,489.23 1 1
github.com/KarpelesLab/tpl/engine.go:490.10,492.5 1 0
github.com/KarpelesLab/tpl/engine.go:494.3,494.37 1 1
github.com/KarpelesLab/tpl/engine.go:497.2,497.12 1 1
github.com/KarpelesLab/tpl/engine.go:501.40,504.2 2 1
github.com/KarpelesLab/tpl/engine.go:508.82,510.34 1 1
github.com/KarpelesLab/tpl/engine.go:510.34,512.3 1 1
github.com/KarpelesLab/tpl/engine.go:514.2,515.9 2 1
github.com/KarpelesLab/tpl/engine.go:515.9,517.3 1 1
github.com/KarpelesLab/tpl/engine.go:518.2,518.30 1 1
github.com/KarpelesLab/tpl/engine.go:523.84,525.2 1 1
github.com/KarpelesLab/tpl/engine.go:529.80,531.34 1 1
github.com/KarpelesLab/tpl/engine.go:531.34,533.3 1 1
github.com/KarpelesLab/tpl/engine.go:535.2,537.26 3 1
github.com/KarpelesLab/tpl/error.go:35.32,37.2 1 1
github.com/KarpelesLab/tpl/error.go:40.33,42.2 1 1
github.com/KarpelesLab/tpl/error.go:45.32,47.2 1 1
github.com/KarpelesLab/tpl/error.go:50.39,52.9 2 1
github.com/KarpelesLab/tpl/error.go:52.9,54.3 1 1
github.com/KarpelesLab/tpl/error.go:57.2,60.25 1 1
github.com/KarpelesLab/tpl/filters.go:24.13,85.85 43 1
github.com/KarpelesLab/tpl/filters.go:85.85,92.3 3 0
github.com/KarpelesLab/tpl/filters.go:94.2,94.85 1 1
github.com/KarpelesLab/tpl/filters.go:94.85,101.3 3 0
github.com/KarpelesLab/tpl/filters.go:103.2,103.86 1 1
github.com/KarpelesLab/tpl/filters.go:103.86,108.18 4 0
github.com/KarpelesLab/tpl/filters.go:108.18,110.21 2 0
github.com/KarpelesLab/tpl/filters.go:110.21,112.5 1 0
github.com/KarpelesLab/tpl/filters.go:113.9,115.4 1 0
github.com/KarpelesLab/tpl/filters.go:116.3,116.19 1 0
github.com/KarpelesLab/tpl/filters.go:120.86,123.16 2 0
github.com/KarpelesLab/tpl/filters.go:123.16,125.3 1 0
github.com/KarpelesLab/tpl/filters.go:127.2,127.23 1 0
github.com/KarpelesLab/tpl/filters.go:128.30,129.32 1 0
github.com/KarpelesLab/tpl/filters.go:129.32,131.4 1 0
github.com/KarpelesLab/tpl/filters.go:132.3,132.36 1 0
github.com/KarpelesLab/tpl/filters.go:133.10,134.36 1 0
github.com/KarpelesLab/tpl/filters.go:138.88,143.16 3 0
github.com/KarpelesLab/tpl/filters.go:143.16,145.3 1 0
github.com/KarpelesLab/tpl/filters.go:148.2,148.22 1 0
github.com/KarpelesLab/tpl/filters.go:148.22,150.3 1 0
github.com/KarpelesLab/tpl/filters.go:152.2,152.31 1 0
github.com/KarpelesLab/tpl/filters.go:155.85,157.9 2 0
github.com/KarpelesLab/tpl/filters.go:157.9,159.3 1 0
github.com/KarpelesLab/tpl/filters.go:160.2,160.11 1 0
github.com/KarpelesLab/tpl/filters.go:160.11,163.3 2 0
github.com/KarpelesLab/tpl/filters.go:164.2,164.51 1 0
github.com/KarpelesLab/tpl/filters.go:167.88,168.21 1 0
github.com/KarpelesLab/tpl/filters.go:168.21,170.3 1 0
github.com/KarpelesLab/tpl/filters.go:172.2,175.101 3 0
github.com/KarpelesLab/tpl/filters.go:178.87,180.16 2 0
github.com/KarpelesLab/tpl/filters.go:180.16,182.3 1 0
github.com/KarpelesLab/tpl/filters.go:183.2,183.40 1 0
github.com/KarpelesLab/tpl/filters.go:186.85,188.16 2 1
github.com/KarpelesLab/tpl/filters.go:188.16,190.3 1 0
github.com/KarpelesLab/tpl/filters.go:192.2,192.25 1 1
github.com/KarpelesLab/tpl/filters.go:193.21,194.19 1 0
github.com/KarpelesLab/tpl/filters.go:195.14,196.18 1 1
github.com/KarpelesLab/tpl/filters.go:199.2,200.16 2 1
github.com/KarpelesLab/tpl/filters.go:200.16,202.3 1 0
github.com/KarpelesLab/tpl/filters.go:204.2,205.12 2 1
github.com/KarpelesLab/tpl/filters.go:208.89,210.16 2 0
github.com/KarpelesLab/tpl/filters.go:210.16,212.3 1 0
github.com/KarpelesLab/tpl/filters.go:214.2,214.38 1 0
github.com/KarpelesLab/tpl/filters.go:214.38,216.3 1 0
github.com/KarpelesLab/tpl/filters.go:218.2,219.16 2 0
github.com/KarpelesLab/tpl/filters.go:219.16,221.3 1 0
github.com/KarpelesLab/tpl/filters.go:223.2,226.12 4 0
github.com/KarpelesLab/tpl/filters.go:229.90,232.16 3 1
github.com/KarpelesLab/tpl/filters.go:232.16,234.3 1 0
github.com/KarpelesLab/tpl/filters.go:235.2,236.12 2 1
github.com/KarpelesLab/tpl/filters.go:239.89,241.2 1 1
github.com/KarpelesLab/tpl/filters.go:243.90,245.2 1 0
github.com/KarpelesLab/tpl/filters.go:247.90,249.2 1 0
github.com/KarpelesLab/tpl/filters.go:251.93,253.2 1 0
github.com/KarpelesLab/tpl/filters.go:255.86,257.9 2 1
github.com/KarpelesLab/tpl/filters.go:257.9,259.3 1 0
github.com/KarpelesLab/tpl/filters.go:260.2,260.31 1 1
github.com/KarpelesLab/tpl/filters.go:263.89,266.2 2 0
github.com/KarpelesLab/tpl/filters.go:268.86,272.22 3 1
github.com/KarpelesLab/tpl/filters.go:272.22,274.10 2 1
github.com/KarpelesLab/tpl/filters.go:274.10,276.4 1 0
github.com/KarpelesLab/tpl/filters.go:279.2,280.9 2 1
github.com/KarpelesLab/tpl/filters.go:280.9,282.3 1 0
github.com/KarpelesLab/tpl/filters.go:284.2,285.55 2 1
github.com/KarpelesLab/tpl/filters.go:288.87,293.2 4 0
github.com/KarpelesLab/tpl/filters.go:295.87,299.16 4 0
github.com/KarpelesLab/tpl/filters.go:299.16,301.3 1 0
github.com/KarpelesLab/tpl/filters.go:302.2,302.37 1 0
github.com/KarpelesLab/tpl/filters.go:305.88,306.21 1 1
github.com/KarpelesLab/tpl/filters.go:306.21,308.3 1 0
github.com/KarpelesLab/tpl/filters.go:309.2,309.102 1 1
github.com/KarpelesLab/tpl/filters.go:312.88,313.21 1 1
github.com/KarpelesLab/tpl/filters.go:313.21,315.3 1 0
github.com/KarpelesLab/tpl/filters.go:316.2,317.16 2 1
github.com/KarpelesLab/tpl/filters.go:317.16,319.3 1 0
github.com/KarpelesLab/tpl/filters.go:320.2,320.20 1 1
github.com/KarpelesLab/tpl/filters.go:321.16,322.92 1 1
github.com/KarpelesLab/tpl/filters.go:323.16,324.89 1 0
github.com/KarpelesLab/tpl/filters.go:325.10,326.34 1 0
github.com/KarpelesLab/tpl/filters.go:330.90,332.16 2 1
github.com/KarpelesLab/tpl/filters.go:332.16,334.3 1 0
github.com/KarpelesLab/tpl/filters.go:336.2,336.6 1 1
github.com/KarpelesLab/tpl/filters.go:336.6,338.14 2 1
github.com/KarpelesLab/tpl/filters.go:338.14,339.9 1 1
github.com/KarpelesLab/tpl/filters.go:341.3,342.15 2 1
github.com/KarpelesLab/tpl/filters.go:342.15,343.9 1 0
github.com/KarpelesLab/tpl/filters.go:346.3,346.31 1 1
github.com/KarpelesLab/tpl/filters.go:349.2,349.33 1 1
github.com/KarpelesLab/tpl/filters.go:352.87,353.21 1 1
github.com/KarpelesLab/tpl/filters.go:353.21,355.3 1 0
github.com/KarpelesLab/tpl/filters.go:357.2,358.9 2 1
github.com/KarpelesLab/tpl/filters.go:358.9,360.3 1 0
github.com/KarpelesLab/tpl/filters.go:361.2,362.9 2 1
github.com/KarpelesLab/tpl/filters.go:362.9,364.3 1 0
github.com/KarpelesLab/tpl/filters.go:365.2,370.15 3 1
github.com/KarpelesLab/tpl/filters.go:370.15,372.3 1 1
github.com/KarpelesLab/tpl/filters.go:373.2,373.23 1 1
github.com/KarpelesLab/tpl/filters.go:373.23,375.3 1 0
github.com/KarpelesLab/tpl/filters.go:376.2,376.13 1 1
github.com/KarpelesLab/tpl/filters.go:376.13,378.3 1 1
github.com/KarpelesLab/tpl/filters.go:379.2,379.26 1 1
github.com/KarpelesLab/tpl/filters.go:379.26,381.3 1 0
github.com/KarpelesLab/tpl/filters.go:383.2,383.50 1 1
github.com/KarpelesLab/tpl/filters.go:386.89,388.16 2 1
github.com/KarpelesLab/tpl/filters.go:388.16,390.3 1 0
github.com/KarpelesLab/tpl/filters.go:392.2,393.22 2 1
github.com/KarpelesLab/tpl/filters.go:393.22,395.10 2 1
github.com/KarpelesLab/tpl/filters.go:395.10,397.4 1 0
github.com/KarpelesLab/tpl/filters.go:398.3,398.15 1 1
github.com/KarpelesLab/tpl/filters.go:401.2,401.18 1 1
github.com/KarpelesLab/tpl/filters.go:401.18,403.3 1 0
github.com/KarpelesLab/tpl/filters.go:405.2,406.22 2 1
github.com/KarpelesLab/tpl/filters.go:406.22,408.3 1 0
github.com/KarpelesLab/tpl/filters.go:409.2,410.22 2 1
github.com/KarpelesLab/tpl/filters.go:410.22,412.3 1 0
github.com/KarpelesLab/tpl/filters.go:414.2,414.13 1 1
github.com/KarpelesLab/tpl/filters.go:414.13,416.3 1 0
github.com/KarpelesLab/tpl/filters.go:418.2,419.15 2 1
github.com/KarpelesLab/tpl/filters.go:419.15,421.3 1 0
github.com/KarpelesLab/tpl/filters.go:423.2,423.43 1 1
github.com/KarpelesLab/tpl/filters.go:426.85,428.2 1 0
github.com/KarpelesLab/tpl/filters.go:430.85,432.16 2 0
github.com/KarpelesLab/tpl/filters.go:432.16,434.3 1 0
github.com/KarpelesLab/tpl/filters.go:435.2,436.12 2 0
github.com/KarpelesLab/tpl/filters.go:439.86,441.2 1 0
github.com/KarpelesLab/tpl/filters.go:443.85,445.2 1 0
github.com/KarpelesLab/tpl/filters.go:447.86,449.2 1 1
github.com/KarpelesLab/tpl/filters.go:451.86,453.2 1 1
github.com/KarpelesLab/tpl/filters.go:455.85,457.2 1 0
github.com/KarpelesLab/tpl/filters.go:459.85,462.2 2 1
github.com/KarpelesLab/tpl/filters.go:464.87,466.16 2 0
github.com/KarpelesLab/tpl/filters.go:466.16,468.3 1 0
github.com/KarpelesLab/tpl/filters.go:470.2,470.27 1 0
github.com/KarpelesLab/tpl/filters.go:471.32,472.37 1 0
github.com/KarpelesLab/tpl/filters.go:473.14,474.37 1 0
github.com/KarpelesLab/tpl/filters.go:475.21,476.38 1 0
github.com/KarpelesLab/tpl/filters.go:477.21,478.37 1 0
github.com/KarpelesLab/tpl/filters.go:479.14,480.37 1 0
github.com/KarpelesLab/tpl/filters.go:481.16,482.37 1 0
github.com/KarpelesLab/tpl/filters.go:483.30,484.37 1 0
github.com/KarpelesLab/tpl/filters.go:485.24,486.37 1 0
github.com/KarpelesLab/tpl/filters.go:487.34,488.37 1 0
github.com/KarpelesLab/tpl/filters.go:489.10,490.60 1 0
github.com/KarpelesLab/tpl/filters.go:494.88,496.16 2 1
github.com/KarpelesLab/tpl/filters.go:496.16,498.3 1 0
github.com/KarpelesLab/tpl/filters.go:500.2,500.27 1 1
github.com/KarpelesLab/tpl/filters.go:501.14,504.51 2 1
github.com/KarpelesLab/tpl/filters.go:504.51,506.4 1 1
github.com/KarpelesLab/tpl/filters.go:508.3,508.40 1 1
github.com/KarpelesLab/tpl/filters.go:509.21,514.27 3 0
github.com/KarpelesLab/tpl/filters.go:514.27,516.4 1 0
github.com/KarpelesLab/tpl/filters.go:518.3,518.32 1 0
github.com/KarpelesLab/tpl/filters.go:519.14,524.27 3 1
github.com/KarpelesLab/tpl/filters.go:524.27,526.4 1 1
github.com/KarpelesLab/tpl/filters.go:528.3,528.32 1 1
github.com/KarpelesLab/tpl/filters.go:529.16,534.27 3 0
github.com/KarpelesLab/tpl/filters.go:534.27,536.4 1 0
github.com/KarpelesLab/tpl/filters.go:538.3,538.32 1 0
github.com/KarpelesLab/tpl/filters.go:539.10,540.110 1 0
github.com/KarpelesLab/tpl/filters.go:544.88,546.22 2 1
github.com/KarpelesLab/tpl/filters.go:546.22,548.18 2 1
github.com/KarpelesLab/tpl/filters.go:548.18,550.4 1 1
github.com/KarpelesLab/tpl/filters.go:553.2,556.77 3 1
github.com/KarpelesLab/tpl/filters.go:556.77,560.3 2 1
github.com/KarpelesLab/tpl/filters.go:562.2,562.16 1 1
github.com/KarpelesLab/tpl/filters.go:562.16,564.3 1 0
github.com/KarpelesLab/tpl/filters.go:566.2,566.24 1 1
github.com/KarpelesLab/tpl/filters.go:566.24,568.3 1 1
github.com/KarpelesLab/tpl/filters.go:570.2,570.43 1 1
github.com/KarpelesLab/tpl/filters.go:573.86,575.22 2 1
github.com/KarpelesLab/tpl/filters.go:575.22,577.18 2 1
github.com/KarpelesLab/tpl/filters.go:577.18,579.4 1 1
github.com/KarpelesLab/tpl/filters.go:582.2,585.77 3 1
github.com/KarpelesLab/tpl/filters.go:585.77,587.20 2 1
github.com/KarpelesLab/tpl/filters.go:587.20,590.4 2 1
github.com/KarpelesLab/tpl/filters.go:591.3,591.13 1 1
github.com/KarpelesLab/tpl/filters.go:593.2,593.16 1 1
github.com/KarpelesLab/tpl/filters.go:593.16,595.3 1 0
github.com/KarpelesLab/tpl/filters.go:596.2,596.16 1 1
github.com/KarpelesLab/tpl/filters.go:596.16,598.3 1 0
github.com/KarpelesLab/tpl/filters.go:600.2,600.43 1 1
github.com/KarpelesLab/tpl/filters.go:603.87,605.21 1 0
github.com/KarpelesLab/tpl/filters.go:605.21,607.3 1 0
github.com/KarpelesLab/tpl/filters.go:609.2,611.22 3 0
github.com/KarpelesLab/tpl/filters.go:611.22,613.3 1 0
github.com/KarpelesLab/tpl/filters.go:615.2,618.77 2 0
github.com/KarpelesLab/tpl/filters.go:618.77,621.17 2 0
github.com/KarpelesLab/tpl/filters.go:621.17,623.4 1 0
github.com/KarpelesLab/tpl/filters.go:625.3,626.17 2 0
github.com/KarpelesLab/tpl/filters.go:626.17,628.4 1 0
github.com/KarpelesLab/tpl/filters.go:629.3,630.17 2 0
github.com/KarpelesLab/tpl/filters.go:630.17,632.4 1 0
github.com/KarpelesLab/tpl/filters.go:635.3,636.13 2 0
github.com/KarpelesLab/tpl/filters.go:639.2,639.16 1 0
github.com/KarpelesLab/tpl/filters.go:639.16,641.3 1 0
github.com/KarpelesLab/tpl/filters.go:643.2,643.35 1 0
github.com/KarpelesLab/tpl/filters.go:646.91,648.16 2 1
github.com/KarpelesLab/tpl/filters.go:648.16,650.3 1 0
github.com/KarpelesLab/tpl/filters.go:652.2,652.21 1 1
github.com/KarpelesLab/tpl/filters.go:652.21,654.3 1 0
github.com/KarpelesLab/tpl/filters.go:656.2,657.9 2 1
github.com/KarpelesLab/tpl/filters.go:657.9,659.3 1 0
github.com/KarpelesLab/tpl/filters.go:661.2,663.21 2 1
github.com/KarpelesLab/tpl/filters.go:663.21,666.10 2 1
github.com/KarpelesLab/tpl/filters.go:666.10,668.4 1 0
github.com/KarpelesLab/tpl/filters.go:669.8,671.3 1 1
github.com/KarpelesLab/tpl/filters.go:673.2,673.24 1 1
github.com/KarpelesLab/tpl/filters.go:673.24,676.3 1 0
github.com/KarpelesLab/tpl/filters.go:678.2,678.27 1 1
github.com/KarpelesLab/tpl/filters.go:679.14,681.28 2 1
github.com/KarpelesLab/tpl/filters.go:681.28,683.4 1 0
github.com/KarpelesLab/tpl/filters.go:684.3,684.30 1 1
github.com/KarpelesLab/tpl/filters.go:684.30,686.4 1 0
github.com/KarpelesLab/tpl/filters.go:687.3,687.54 1 1
github.com/KarpelesLab/tpl/filters.go:688.21,689.28 1 0
github.com/KarpelesLab/tpl/filters.go:689.28,691.4 1 0
github.com/KarpelesLab/tpl/filters.go:692.3,692.30 1 0
github.com/KarpelesLab/tpl/filters.go:692.30,694.4 1 0
github.com/KarpelesLab/tpl/filters.go:695.3,695.46 1 0
github.com/KarpelesLab/tpl/filters.go:696.14,697.28 1 1
github.com/KarpelesLab/tpl/filters.go:697.28,699.4 1 0
github.com/KarpelesLab/tpl/filters.go:700.3,700.30 1 1
github.com/KarpelesLab/tpl/filters.go:700.30,702.4 1 0
github.com/KarpelesLab/tpl/filters.go:703.3,703.46 1 1
github.com/KarpelesLab/tpl/filters.go:704.16,705.28 1 0
github.com/KarpelesLab/tpl/filters.go:705.28,707.4 1 0
github.com/KarpelesLab/tpl/filters.go:708.3,708.30 1 0
github.com/KarpelesLab/tpl/filters.go:708.30,710.4 1 0
github.com/KarpelesLab/tpl/filters.go:711.3,711.46 1 0
github.com/KarpelesLab/tpl/filters.go:712.10,713.113 1 0
github.com/KarpelesLab/tpl/filters.go:717.92,718.21 1 1
github.com/KarpelesLab/tpl/filters.go:718.21,720.3 1 0
github.com/KarpelesLab/tpl/filters.go:722.2,723.16 2 1
github.com/KarpelesLab/tpl/filters.go:723.16,725.3 1 0
github.com/KarpelesLab/tpl/filters.go:726.2,729.16 3 1
github.com/KarpelesLab/tpl/filters.go:729.16,731.3 1 0
github.com/KarpelesLab/tpl/filters.go:733.2,733.39 1 1
github.com/KarpelesLab/tpl/filters.go:733.39,734.42 1 1
github.com/KarpelesLab/tpl/filters.go:735.15,736.17 1 0
github.com/KarpelesLab/tpl/filters.go:737.16,738.18 1 0
github.com/KarpelesLab/tpl/filters.go:742.2,744.76 2 1
github.com/KarpelesLab/tpl/filters.go:744.76,747.30 3 1
github.com/KarpelesLab/tpl/filters.go:747.30,749.18 2 1
github.com/KarpelesLab/tpl/filters.go:749.18,751.5 1 0
github.com/KarpelesLab/tpl/filters.go:755.3,756.17 2 1
github.com/KarpelesLab/tpl/filters.go:756.17,758.4 1 0
github.com/KarpelesLab/tpl/filters.go:759.3,760.17 2 1
github.com/KarpelesLab/tpl/filters.go:760.17,762.4 1 0
github.com/KarpelesLab/tpl/filters.go:764.3,764.8 1 1
github.com/KarpelesLab/tpl/filters.go:764.8,766.4 1 1
github.com/KarpelesLab/tpl/filters.go:767.3,767.13 1 1
github.com/KarpelesLab/tpl/filters.go:769.2,769.16 1 1
github.com/KarpelesLab/tpl/filters.go:769.16,771.3 1 0
github.com/KarpelesLab/tpl/filters.go:773.2,773.33 1 1
github.com/KarpelesLab/tpl/filters.go:776.87,778.2 1 0
github.com/KarpelesLab/tpl/filters.go:780.92,782.16 2 0
github.com/KarpelesLab/tpl/filters.go:782.16,784.3 1 0
github.com/KarpelesLab/tpl/filters.go:786.2,786.6 1 0
github.com/KarpelesLab/tpl/filters.go:786.6,788.14 2 0
github.com/KarpelesLab/tpl/filters.go:788.14,789.9 1 0
github.com/KarpelesLab/tpl/filters.go:791.3,792.15 2 0
github.com/KarpelesLab/tpl/filters.go:792.15,793.9 1 0
github.com/KarpelesLab/tpl/filters.go:796.3,796.31 1 0
github.com/KarpelesLab/tpl/filters.go:799.2,799.33 1 0
github.com/KarpelesLab/tpl/filters.go:802.89,806.2 3 0
github.com/KarpelesLab/tpl/fnc_unix.go:11.13,13.2 1 1
github.com/KarpelesLab/tpl/fnc_unix.go:15.76,16.21 1 0
github.com/KarpelesLab/tpl/fnc_unix.go:16.21,18.3 1 0
github.com/KarpelesLab/tpl/fnc_unix.go:20.2,21.45 2 0
github.com/KarpelesLab/tpl/fnc_unix.go:21.45,23.3 1 0
github.com/KarpelesLab/tpl/fnc_unix.go:25.2,25.41 1 0
github.com/KarpelesLab/tpl/fnc_unix.go:26.11,27.60 1 0
github.com/KarpelesLab/tpl/fnc_unix.go:28.11,29.105 1 0
github.com/KarpelesLab/tpl/fnc_unix.go:30.11,31.60 1 0
github.com/KarpelesLab/tpl/fnc_unix.go:32.11,33.60 1 0
github.com/KarpelesLab/tpl/fnc_unix.go:34.11,35.60 1 0
github.com/KarpelesLab/tpl/fnc_unix.go:36.10,37.14 1 0
github.com/KarpelesLab/tpl/fnc_unix.go:38.11,40.269 1 0
github.com/KarpelesLab/tpl/fnc_unix.go:42.2,42.12 1 0
github.com/KarpelesLab/tpl/foreach.go:9.125,12.28 2 1
github.com/KarpelesLab/tpl/foreach.go:13.14,15.28 2 1
github.com/KarpelesLab/tpl/foreach.go:15.28,17.53 2 1
github.com/KarpelesLab/tpl/foreach.go:17.53,19.5 1 0
github.com/KarpelesLab/tpl/foreach.go:21.3,21.18 1 1
github.com/KarpelesLab/tpl/foreach.go:22.21,24.28 2 0
github.com/KarpelesLab/tpl/foreach.go:24.28,26.53 2 0
github.com/KarpelesLab/tpl/foreach.go:26.53,28.5 1 0
github.com/KarpelesLab/tpl/foreach.go:30.3,30.18 1 0
github.com/KarpelesLab/tpl/foreach.go:31.16,33.28 2 1
github.com/KarpelesLab/tpl/foreach.go:33.28,35.53 2 1
github.com/KarpelesLab/tpl/foreach.go:35.53,37.5 1 0
github.com/KarpelesLab/tpl/foreach.go:39.3,39.18 1 1
github.com/KarpelesLab/tpl/foreach.go:40.24,42.28 2 0
github.com/KarpelesLab/tpl/foreach.go:42.28,44.53 2 0
github.com/KarpelesLab/tpl/foreach.go:44.53,46.5 1 0
github.com/KarpelesLab/tpl/foreach.go:48.3,48.18 1 0
github.com/KarpelesLab/tpl/foreach.go:49.30,51.28 2 1
github.com/KarpelesLab/tpl/foreach.go:51.28,53.53 2 1
github.com/KarpelesLab/tpl/foreach.go:53.53,55.5 1 0
github.com/KarpelesLab/tpl/foreach.go:57.3,57.18 1 1
github.com/KarpelesLab/tpl/foreach.go:58.34,60.28 2 0
github.com/KarpelesLab/tpl/foreach.go:60.28,62.53 2 0
github.com/KarpelesLab/tpl/foreach.go:62.53,64.5 1 0
github.com/KarpelesLab/tpl/foreach.go:66.3,66.18 1 0
github.com/KarpelesLab/tpl/foreach.go:67.23,69.50 2 1
github.com/KarpelesLab/tpl/foreach.go:69.50,71.4 1 0
github.com/KarpelesLab/tpl/foreach.go:72.3,72.38 1 1
github.com/KarpelesLab/tpl/foreach.go:73.42,75.65 2 0
github.com/KarpelesLab/tpl/foreach.go:75.65,77.4 1 0
github.com/KarpelesLab/tpl/foreach.go:78.3,78.38 1 0
github.com/KarpelesLab/tpl/foreach.go:79.19,81.17 2 1
github.com/KarpelesLab/tpl/foreach.go:81.17,83.4 1 0
github.com/KarpelesLab/tpl/foreach.go:84.3,84.38 1 1
github.com/KarpelesLab/tpl/foreach.go:89.4,93.46 3 0
github.com/KarpelesLab/tpl/foreach.go:93.46,95.53 2 0
github.com/KarpelesLab/tpl/foreach.go:95.53,98.5 2 0
github.com/KarpelesLab/tpl/foreach.go:99.4,99.15 1 0
github.com/KarpelesLab/tpl/foreach.go:101.3,101.18 1 0
github.com/KarpelesLab/tpl/foreach.go:105.4,109.50 3 0
github.com/KarpelesLab/tpl/foreach.go:109.50,111.53 2 0
github.com/KarpelesLab/tpl/foreach.go:111.53,114.5 2 0
github.com/KarpelesLab/tpl/foreach.go:115.4,115.15 1 0
github.com/KarpelesLab/tpl/foreach.go:117.3,117.18 1 0
github.com/KarpelesLab/tpl/foreach.go:118.11,119.16 1 0
github.com/KarpelesLab/tpl/foreach.go:120.10,121.64 1 0
github.com/KarpelesLab/tpl/formatsize.go:6.34,19.12 2 1
github.com/KarpelesLab/tpl/formatsize.go:19.12,21.3 1 1
github.com/KarpelesLab/tpl/formatsize.go:23.2,26.32 4 1
github.com/KarpelesLab/tpl/formatsize.go:26.32,27.33 1 1
github.com/KarpelesLab/tpl/formatsize.go:27.33,31.4 3 1
github.com/KarpelesLab/tpl/formatsize.go:31.9,31.34 1 1
github.com/KarpelesLab/tpl/formatsize.go:31.34,36.4 3 1
github.com/KarpelesLab/tpl/formatsize.go:36.9,37.9 1 1
github.com/KarpelesLab/tpl/formatsize.go:41.2,41.13 1 1
github.com/KarpelesLab/tpl/formatsize.go:41.13,43.3 1 1
github.com/KarpelesLab/tpl/formatsize.go:43.8,45.3 1 1
github.com/KarpelesLab/tpl/functions.go:21.13,40.2 7 1
github.com/KarpelesLab/tpl/functions.go:42.100,43.62 1 1
github.com/KarpelesLab/tpl/functions.go:43.62,46.3 1 1
github.com/KarpelesLab/tpl/functions.go:46.8,46.48 1 1
github.com/KarpelesLab/tpl/functions.go:46.48,49.3 1 0
github.com/KarpelesLab/tpl/functions.go:49.8,51.3 1 1
github.com/KarpelesLab/tpl/functions.go:54.76,55.22 1 1
github.com/KarpelesLab/tpl/functions.go:55.22,57.3 1 0
github.com/KarpelesLab/tpl/functions.go:58.2,60.27 3 1
github.com/KarpelesLab/tpl/functions.go:60.27,61.13 1 1
github.com/KarpelesLab/tpl/functions.go:61.13,63.12 2 1
github.com/KarpelesLab/tpl/functions.go:65.3,65.46 1 1
github.com/KarpelesLab/tpl/functions.go:65.46,67.4 1 0
github.com/KarpelesLab/tpl/functions.go:67.9,69.4 1 1
github.com/KarpelesLab/tpl/functions.go:72.2,72.36 1 1
github.com/KarpelesLab/tpl/functions.go:75.79,76.22 1 0
github.com/KarpelesLab/tpl/functions.go:76.22,78.3 1 0
github.com/KarpelesLab/tpl/functions.go:80.2,82.16 3 0
github.com/KarpelesLab/tpl/functions.go:82.16,84.3 1 0
github.com/KarpelesLab/tpl/functions.go:86.2,86.34 1 0
github.com/KarpelesLab/tpl/functions.go:89.77,90.27 1 1
github.com/KarpelesLab/tpl/functions.go:90.27,92.3 1 1
github.com/KarpelesLab/tpl/functions.go:93.2,93.12 1 1
github.com/KarpelesLab/tpl/functions.go:96.75,97.21 1 0
github.com/KarpelesLab/tpl/functions.go:97.21,99.3 1 0
github.com/KarpelesLab/tpl/functions.go:101.2,102.9 2 0
github.com/KarpelesLab/tpl/functions.go:102.9,104.3 1 0
github.com/KarpelesLab/tpl/functions.go:105.2,106.9 2 0
github.com/KarpelesLab/tpl/functions.go:106.9,108.3 1 0
github.com/KarpelesLab/tpl/functions.go:110.2,110.16 1 0
github.com/KarpelesLab/tpl/functions.go:110.16,112.3 1 0
github.com/KarpelesLab/tpl/functions.go:114.2,114.16 1 0
github.com/KarpelesLab/tpl/functions.go:114.16,116.3 1 0
github.com/KarpelesLab/tpl/functions.go:118.2,118.54 1 0
github.com/KarpelesLab/tpl/functions.go:121.81,124.2 2 0
github.com/KarpelesLab/tpl/functions.go:126.61,128.30 2 0
github.com/KarpelesLab/tpl/functions.go:128.30,129.16 1 0
github.com/KarpelesLab/tpl/functions.go:129.16,131.4 1 0
github.com/KarpelesLab/tpl/functions.go:132.3,132.22 1 0
github.com/KarpelesLab/tpl/functions.go:134.2,134.20 1 0
github.com/KarpelesLab/tpl/functions.go:137.74,138.21 1 1
github.com/KarpelesLab/tpl/functions.go:138.21,140.3 1 0
github.com/KarpelesLab/tpl/functions.go:142.2,145.22 4 1
github.com/KarpelesLab/tpl/functions.go:145.22,147.3 1 0
github.com/KarpelesLab/tpl/functions.go:149.2,149.17 1 1
github.com/KarpelesLab/tpl/functions.go:149.17,152.3 2 1
github.com/KarpelesLab/tpl/functions.go:154.2,156.38 2 1
github.com/KarpelesLab/tpl/functions.go:156.38,158.3 1 1
github.com/KarpelesLab/tpl/functions.go:159.2,160.12 2 1
github.com/KarpelesLab/tpl/functions.go:163.77,164.22 1 1
github.com/KarpelesLab/tpl/functions.go:164.22,166.3 1 0
github.com/KarpelesLab/tpl/functions.go:167.2,169.27 3 1
github.com/KarpelesLab/tpl/functions.go:169.27,170.13 1 1
github.com/KarpelesLab/tpl/functions.go:170.13,172.12 2 1
github.com/KarpelesLab/tpl/functions.go:174.3,174.46 1 1
github.com/KarpelesLab/tpl/functions.go:174.46,176.4 1 0
github.com/KarpelesLab/tpl/functions.go:176.9,178.4 1 1
github.com/KarpelesLab/tpl/functions.go:181.2,182.12 2 1
github.com/KarpelesLab/tpl/internal.go:46.68,48.2 1 0
github.com/KarpelesLab/tpl/internal.go:51.82,53.2 1 1
github.com/KarpelesLab/tpl/internal.go:61.52,63.2 1 1
github.com/KarpelesLab/tpl/internal.go:65.53,67.2 1 1
github.com/KarpelesLab/tpl/log.go:25.59,26.16 1 1
github.com/KarpelesLab/tpl/log.go:26.16,30.3 2 1
github.com/KarpelesLab/tpl/log.go:32.2,32.48 1 1
github.com/KarpelesLab/tpl/log.go:32.48,35.3 1 1
github.com/KarpelesLab/tpl/log.go:35.8,38.3 1 1
github.com/KarpelesLab/tpl/log.go:43.71,45.16 1 1
github.com/KarpelesLab/tpl/log.go:45.16,48.3 2 1
github.com/KarpelesLab/tpl/log.go:51.2,51.86 1 1
github.com/KarpelesLab/tpl/log.go:51.86,54.3 2 0
github.com/KarpelesLab/tpl/log.go:57.2,60.36 2 1
github.com/KarpelesLab/tpl/log.go:60.36,66.3 1 1
github.com/KarpelesLab/tpl/log.go:68.2,68.43 1 1
github.com/KarpelesLab/tpl/log.go:72.60,74.16 1 1
github.com/KarpelesLab/tpl/log.go:74.16,77.3 2 1
github.com/KarpelesLab/tpl/log.go:80.2,80.79 1 1
github.com/KarpelesLab/tpl/log.go:80.79,83.3 2 0
github.com/KarpelesLab/tpl/log.go:86.2,86.63 1 1
github.com/KarpelesLab/tpl/math.go:33.99,34.12 1 1
github.com/KarpelesLab/tpl/math.go:35.11,36.71 1 1
github.com/KarpelesLab/tpl/math.go:37.11,39.17 2 0
github.com/KarpelesLab/tpl/math.go:39.17,41.4 1 0
github.com/KarpelesLab/tpl/math.go:42.3,42.28 1 0
github.com/KarpelesLab/tpl/math.go:43.13,44.35 1 0
github.com/KarpelesLab/tpl/math.go:45.14,46.62 1 0
github.com/KarpelesLab/tpl/math.go:47.15,48.63 1 0
github.com/KarpelesLab/tpl/math.go:49.11,50.33 1 0
github.com/KarpelesLab/tpl/math.go:53.2,53.70 1 0
github.com/KarpelesLab/tpl/math.go:56.89,57.30 1 1
github.com/KarpelesLab/tpl/math.go:57.30,60.17 2 1
github.com/KarpelesLab/tpl/math.go:60.17,62.4 1 0
github.com/KarpelesLab/tpl/math.go:63.3,64.17 2 1
github.com/KarpelesLab/tpl/math.go:64.17,66.4 1 0
github.com/KarpelesLab/tpl/math.go:68.3,69.17 2 1
github.com/KarpelesLab/tpl/math.go:69.17,71.4 1 0
github.com/KarpelesLab/tpl/math.go:73.3,73.26 1 1
github.com/KarpelesLab/tpl/math.go:76.2,76.30 1 1
github.com/KarpelesLab/tpl/math.go:76.30,79.17 2 1
github.com/KarpelesLab/tpl/math.go:79.17,81.4 1 0
github.com/KarpelesLab/tpl/math.go:82.3,83.17 2 1
github.com/KarpelesLab/tpl/math.go:83.17,85.4 1 0
github.com/KarpelesLab/tpl/math.go:86.3,86.89 1 1
github.com/KarpelesLab/tpl/math.go:89.2,90.16 2 1
github.com/KarpelesLab/tpl/math.go:90.16,92.3 1 0
github.com/KarpelesLab/tpl/math.go:93.2,95.25 2 1
github.com/KarpelesLab/tpl/math.go:96.13,98.17 2 1
github.com/KarpelesLab/tpl/math.go:98.17,100.4 1 0
github.com/KarpelesLab/tpl/math.go:102.3,102.27 1 1
github.com/KarpelesLab/tpl/math.go:103.14,104.67 1 1
github.com/KarpelesLab/tpl/math.go:105.16,106.78 1 1
github.com/KarpelesLab/tpl/math.go:107.11,108.78 1 0
github.com/KarpelesLab/tpl/math.go:110.15,111.81 1 0
github.com/KarpelesLab/tpl/math.go:112.12,113.77 1 0
github.com/KarpelesLab/tpl/math.go:116.2,116.31 1 0
github.com/KarpelesLab/tpl/math.go:119.66,120.12 1 1
github.com/KarpelesLab/tpl/math.go:121.11,122.17 1 1
github.com/KarpelesLab/tpl/math.go:123.11,124.17 1 0
github.com/KarpelesLab/tpl/math.go:125.11,126.17 1 0
github.com/KarpelesLab/tpl/math.go:127.11,128.17 1 1
github.com/KarpelesLab/tpl/math.go:129.11,130.17 1 0
github.com/KarpelesLab/tpl/math.go:131.12,132.24 1 0
github.com/KarpelesLab/tpl/math.go:133.12,134.24 1 0
github.com/KarpelesLab/tpl/math.go:135.11,136.17 1 0
github.com/KarpelesLab/tpl/math.go:137.12,138.18 1 0
github.com/KarpelesLab/tpl/math.go:139.11,140.17 1 0
github.com/KarpelesLab/tpl/math.go:141.12,142.18 1 0
github.com/KarpelesLab/tpl/math.go:143.12,144.18 1 0
github.com/KarpelesLab/tpl/math.go:145.12,146.18 1 0
github.com/KarpelesLab/tpl/math.go:147.11,148.17 1 0
github.com/KarpelesLab/tpl/math.go:149.11,150.17 1 0
github.com/KarpelesLab/tpl/math.go:151.11,152.17 1 0
github.com/KarpelesLab/tpl/math.go:153.10,154.13 1 0
github.com/KarpelesLab/tpl/math.go:158.70,159.12 1 1
github.com/KarpelesLab/tpl/math.go:160.11,161.17 1 0
github.com/KarpelesLab/tpl/math.go:162.11,163.17 1 0
github.com/KarpelesLab/tpl/math.go:164.11,165.17 1 1
github.com/KarpelesLab/tpl/math.go:166.11,167.17 1 0
github.com/KarpelesLab/tpl/math.go:168.11,169.17 1 0
github.com/KarpelesLab/tpl/math.go:170.12,171.18 1 0
github.com/KarpelesLab/tpl/math.go:172.11,173.17 1 0
github.com/KarpelesLab/tpl/math.go:174.12,175.18 1 0
github.com/KarpelesLab/tpl/math.go:176.12,177.18 1 0
github.com/KarpelesLab/tpl/math.go:178.12,179.18 1 0
github.com/KarpelesLab/tpl/math.go:180.10,181.13 1 0
github.com/KarpelesLab/tpl/math.go:185.64,186.12 1 1
github.com/KarpelesLab/tpl/math.go:187.12,188.18 1 0
github.com/KarpelesLab/tpl/math.go:189.12,190.18 1 0
github.com/KarpelesLab/tpl/math.go:191.12,192.18 1 1
github.com/KarpelesLab/tpl/math.go:193.12,194.18 1 0
github.com/KarpelesLab/tpl/math.go:195.10,196.13 1 0
github.com/KarpelesLab/tpl/numbers.go:18.37,19.23 1 1
github.com/KarpelesLab/tpl/numbers.go:20.12,21.11 1 1
github.com/KarpelesLab/tpl/numbers.go:22.11,23.16 1 0
github.com/KarpelesLab/tpl/numbers.go:24.13,25.16 1 0
github.com/KarpelesLab/tpl/numbers.go:26.14,27.16 1 0
github.com/KarpelesLab/tpl/numbers.go:28.15,29.16 1 0
github.com/KarpelesLab/tpl/numbers.go:30.21,31.18 1 1
github.com/KarpelesLab/tpl/numbers.go:31.18,33.4 1 0
github.com/KarpelesLab/tpl/numbers.go:34.3,34.40 1 1
github.com/KarpelesLab/tpl/numbers.go:34.40,36.4 1 1
github.com/KarpelesLab/tpl/numbers.go:37.3,37.14 1 1
github.com/KarpelesLab/tpl/numbers.go:38.14,39.17 1 1
github.com/KarpelesLab/tpl/numbers.go:39.17,41.4 1 1
github.com/KarpelesLab/tpl/numbers.go:42.3,42.30 1 0
github.com/KarpelesLab/tpl/numbers.go:42.30,44.4 1 0
github.com/KarpelesLab/tpl/numbers.go:45.3,45.14 1 0
github.com/KarpelesLab/tpl/numbers.go:46.14,47.17 1 1
github.com/KarpelesLab/tpl/numbers.go:47.17,49.4 1 1
github.com/KarpelesLab/tpl/numbers.go:50.3,50.33 1 0
github.com/KarpelesLab/tpl/numbers.go:50.33,52.4 1 0
github.com/KarpelesLab/tpl/numbers.go:53.3,53.14 1 0
github.com/KarpelesLab/tpl/numbers.go:54.30,55.17 1 0
github.com/KarpelesLab/tpl/numbers.go:55.17,57.4 1 0
github.com/KarpelesLab/tpl/numbers.go:58.3,58.15 1 0
github.com/KarpelesLab/tpl/numbers.go:59.21,60.17 1 0
github.com/KarpelesLab/tpl/numbers.go:60.17,62.4 1 0
github.com/KarpelesLab/tpl/numbers.go:63.3,63.15 1 0
github.com/KarpelesLab/tpl/numbers.go:64.14,65.17 1 1
github.com/KarpelesLab/tpl/numbers.go:65.17,67.4 1 1
github.com/KarpelesLab/tpl/numbers.go:68.3,68.15 1 0
github.com/KarpelesLab/tpl/numbers.go:69.23,73.17 3 0
github.com/KarpelesLab/tpl/numbers.go:73.17,75.4 1 0
github.com/KarpelesLab/tpl/numbers.go:76.3,76.23 1 0
github.com/KarpelesLab/tpl/numbers.go:77.18,78.20 1 0
github.com/KarpelesLab/tpl/numbers.go:79.25,81.17 2 1
github.com/KarpelesLab/tpl/numbers.go:81.17,83.4 1 0
github.com/KarpelesLab/tpl/numbers.go:84.3,84.24 1 1
github.com/KarpelesLab/tpl/numbers.go:85.23,86.27 1 0
github.com/KarpelesLab/tpl/numbers.go:87.10,88.15 1 0
github.com/KarpelesLab/tpl/numbers.go:92.71,93.23 1 1
github.com/KarpelesLab/tpl/numbers.go:94.12,95.24 1 0
github.com/KarpelesLab/tpl/numbers.go:96.13,97.24 1 0
github.com/KarpelesLab/tpl/numbers.go:98.13,99.24 1 0
github.com/KarpelesLab/tpl/numbers.go:100.13,101.17 1 0
github.com/KarpelesLab/tpl/numbers.go:102.11,103.24 1 0
github.com/KarpelesLab/tpl/numbers.go:104.13,105.24 1 0
github.com/KarpelesLab/tpl/numbers.go:106.14,107.24 1 0
github.com/KarpelesLab/tpl/numbers.go:108.14,109.24 1 0
github.com/KarpelesLab/tpl/numbers.go:110.14,111.21 1 0
github.com/KarpelesLab/tpl/numbers.go:111.21,113.4 1 0
github.com/KarpelesLab/tpl/numbers.go:114.3,114.24 1 0
github.com/KarpelesLab/tpl/numbers.go:115.12,116.24 1 0
github.com/KarpelesLab/tpl/numbers.go:117.12,118.8 1 0
github.com/KarpelesLab/tpl/numbers.go:118.8,120.4 1 0
github.com/KarpelesLab/tpl/numbers.go:120.9,122.4 1 0
github.com/KarpelesLab/tpl/numbers.go:123.15,126.28 3 0
github.com/KarpelesLab/tpl/numbers.go:127.15,130.28 3 1
github.com/KarpelesLab/tpl/numbers.go:131.14,133.25 2 1
github.com/KarpelesLab/tpl/numbers.go:134.14,136.25 2 1
github.com/KarpelesLab/tpl/numbers.go:137.21,138.48 1 1
github.com/KarpelesLab/tpl/numbers.go:139.11,140.17 1 0
github.com/KarpelesLab/tpl/numbers.go:141.19,142.48 1 1
github.com/KarpelesLab/tpl/numbers.go:142.48,144.4 1 0
github.com/KarpelesLab/tpl/numbers.go:144.9,146.4 1 1
github.com/KarpelesLab/tpl/numbers.go:147.10,148.52 1 0
github.com/KarpelesLab/tpl/numbers.go:151.2,151.17 1 0
github.com/KarpelesLab/tpl/numbers.go:154.73,155.23 1 0
github.com/KarpelesLab/tpl/numbers.go:156.12,157.26 1 0
github.com/KarpelesLab/tpl/numbers.go:158.13,159.26 1 0
github.com/KarpelesLab/tpl/numbers.go:160.13,161.26 1 0
github.com/KarpelesLab/tpl/numbers.go:162.13,163.26 1 0
github.com/KarpelesLab/tpl/numbers.go:164.11,165.26 1 0
github.com/KarpelesLab/tpl/numbers.go:166.13,167.25 1 0
github.com/KarpelesLab/tpl/numbers.go:168.14,169.25 1 0
github.com/KarpelesLab/tpl/numbers.go:170.14,171.25 1 0
github.com/KarpelesLab/tpl/numbers.go:172.14,173.17 1 0
github.com/KarpelesLab/tpl/numbers.go:174.12,175.25 1 0
github.com/KarpelesLab/tpl/numbers.go:176.15,177.12 1 0
github.com/KarpelesLab/tpl/numbers.go:177.12,179.4 1 0
github.com/KarpelesLab/tpl/numbers.go:180.3,182.28 3 0
github.com/KarpelesLab/tpl/numbers.go:183.15,184.12 1 0
github.com/KarpelesLab/tpl/numbers.go:184.12,186.4 1 0
github.com/KarpelesLab/tpl/numbers.go:187.3,189.28 3 0
github.com/KarpelesLab/tpl/numbers.go:190.12,191.8 1 0
github.com/KarpelesLab/tpl/numbers.go:191.8,193.4 1 0
github.com/KarpelesLab/tpl/numbers.go:193.9,195.4 1 0
github.com/KarpelesLab/tpl/numbers.go:196.14,198.25 2 0
github.com/KarpelesLab/tpl/numbers.go:199.11,200.17 1 0
github.com/KarpelesLab/tpl/numbers.go:201.19,202.48 1 0
github.com/KarpelesLab/tpl/numbers.go:202.48,204.4 1 0
github.com/KarpelesLab/tpl/numbers.go:204.9,206.4 1 0
github.com/KarpelesLab/tpl/numbers.go:209.2,209.17 1 0
github.com/KarpelesLab/tpl/numbers.go:212.75,213.23 1 1
github.com/KarpelesLab/tpl/numbers.go:214.12,215.26 1 0
github.com/KarpelesLab/tpl/numbers.go:216.13,217.26 1 0
github.com/KarpelesLab/tpl/numbers.go:218.13,219.26 1 0
github.com/KarpelesLab/tpl/numbers.go:220.13,221.26 1 0
github.com/KarpelesLab/tpl/numbers.go:222.11,223.26 1 0
github.com/KarpelesLab/tpl/numbers.go:224.13,225.26 1 0
github.com/KarpelesLab/tpl/numbers.go:226.14,227.26 1 0
github.com/KarpelesLab/tpl/numbers.go:228.14,229.26 1 0
github.com/KarpelesLab/tpl/numbers.go:230.14,231.26 1 0
github.com/KarpelesLab/tpl/numbers.go:232.12,233.26 1 0
github.com/KarpelesLab/tpl/numbers.go:234.15,235.26 1 0
github.com/KarpelesLab/tpl/numbers.go:236.15,237.26 1 0
github.com/KarpelesLab/tpl/numbers.go:238.15,239.17 1 1
github.com/KarpelesLab/tpl/numbers.go:240.14,242.25 2 1
github.com/KarpelesLab/tpl/numbers.go:243.11,244.17 1 0
github.com/KarpelesLab/tpl/numbers.go:245.19,246.48 1 1
github.com/KarpelesLab/tpl/numbers.go:246.48,248.4 1 0
github.com/KarpelesLab/tpl/numbers.go:248.9,250.4 1 1
github.com/KarpelesLab/tpl/numbers.go:253.2,254.25 2 0
github.com/KarpelesLab/tpl/numbers.go:257.77,258.23 1 1
github.com/KarpelesLab/tpl/numbers.go:259.12,260.24 1 0
github.com/KarpelesLab/tpl/numbers.go:261.13,262.24 1 0
github.com/KarpelesLab/tpl/numbers.go:263.13,264.24 1 0
github.com/KarpelesLab/tpl/numbers.go:265.13,266.17 1 1
github.com/KarpelesLab/tpl/numbers.go:267.11,268.24 1 0
github.com/KarpelesLab/tpl/numbers.go:269.13,270.24 1 0
github.com/KarpelesLab/tpl/numbers.go:271.14,272.24 1 0
github.com/KarpelesLab/tpl/numbers.go:273.14,274.24 1 0
github.com/KarpelesLab/tpl/numbers.go:275.14,276.25 1 0
github.com/KarpelesLab/tpl/numbers.go:277.15,278.25 1 0
github.com/KarpelesLab/tpl/numbers.go:279.12,280.24 1 0
github.com/KarpelesLab/tpl/numbers.go:281.15,282.26 1 0
github.com/KarpelesLab/tpl/numbers.go:283.15,284.17 1 1
github.com/KarpelesLab/tpl/numbers.go:285.11,286.17 1 1
github.com/KarpelesLab/tpl/numbers.go:287.12,288.17 1 0
github.com/KarpelesLab/tpl/numbers.go:289.14,290.57 1 1
github.com/KarpelesLab/tpl/numbers.go:290.57,292.4 1 1
github.com/KarpelesLab/tpl/numbers.go:293.3,293.56 1 1
github.com/KarpelesLab/tpl/numbers.go:293.56,295.4 1 1
github.com/KarpelesLab/tpl/numbers.go:296.3,296.58 1 1
github.com/KarpelesLab/tpl/numbers.go:296.58,298.4 1 0
github.com/KarpelesLab/tpl/numbers.go:299.3,299.30 1 1
github.com/KarpelesLab/tpl/numbers.go:300.21,301.20 1 1
github.com/KarpelesLab/tpl/numbers.go:301.20,303.4 1 0
github.com/KarpelesLab/tpl/numbers.go:304.3,304.41 1 1
github.com/KarpelesLab/tpl/numbers.go:305.17,306.39 1 0
github.com/KarpelesLab/tpl/numbers.go:306.39,308.4 1 0
github.com/KarpelesLab/tpl/numbers.go:308.9,310.4 1 0
github.com/KarpelesLab/tpl/numbers.go:311.19,312.48 1 0
github.com/KarpelesLab/tpl/numbers.go:312.48,314.4 1 0
github.com/KarpelesLab/tpl/numbers.go:314.9,316.4 1 0
github.com/KarpelesLab/tpl/numbers.go:319.2,319.19 1 0
github.com/KarpelesLab/tpl/outvalue.go:19.36,20.33 1 1
github.com/KarpelesLab/tpl/outvalue.go:20.33,22.3 1 1
github.com/KarpelesLab/tpl/outvalue.go:23.2,23.27 1 1
github.com/KarpelesLab/tpl/outvalue.go:26.36,28.2 1 1
github.com/KarpelesLab/tpl/outvalue.go:30.47,31.43 1 1
github.com/KarpelesLab/tpl/outvalue.go:31.43,33.3 1 0
github.com/KarpelesLab/tpl/outvalue.go:34.2,34.27 1 1
github.com/KarpelesLab/tpl/outvalue.go:37.69,38.43 1 1
github.com/KarpelesLab/tpl/outvalue.go:38.43,40.3 1 1
github.com/KarpelesLab/tpl/outvalue.go:41.2,41.33 1 1
github.com/KarpelesLab/tpl/outvalue.go:41.33,42.58 1 1
github.com/KarpelesLab/tpl/outvalue.go:42.58,43.14 1 0
github.com/KarpelesLab/tpl/outvalue.go:44.9,46.4 1 1
github.com/KarpelesLab/tpl/outvalue.go:48.2,48.27 1 1
github.com/KarpelesLab/tpl/outvalue.go:51.65,53.2 1 1
github.com/KarpelesLab/tpl/outvalue.go:55.59,57.2 1 1
github.com/KarpelesLab/tpl/outvalue.go:59.63,61.28 2 1
github.com/KarpelesLab/tpl/outvalue.go:62.15,63.11 1 1
github.com/KarpelesLab/tpl/outvalue.go:64.13,65.20 1 0
github.com/KarpelesLab/tpl/outvalue.go:66.14,67.20 1 0
github.com/KarpelesLab/tpl/outvalue.go:68.12,69.8 1 0
github.com/KarpelesLab/tpl/outvalue.go:69.8,71.4 1 0
github.com/KarpelesLab/tpl/outvalue.go:71.9,73.4 1 0
github.com/KarpelesLab/tpl/outvalue.go:74.10,75.11 1 0
github.com/KarpelesLab/tpl/outvalue.go:79.59,81.28 2 1
github.com/KarpelesLab/tpl/outvalue.go:82.13,83.11 1 1
github.com/KarpelesLab/tpl/outvalue.go:84.14,85.18 1 0
github.com/KarpelesLab/tpl/outvalue.go:86.15,87.30 1 1
github.com/KarpelesLab/tpl/outvalue.go:88.12,89.8 1 0
github.com/KarpelesLab/tpl/outvalue.go:89.8,91.4 1 0
github.com/KarpelesLab/tpl/outvalue.go:91.9,93.4 1 0
github.com/KarpelesLab/tpl/outvalue.go:94.10,95.11 1 0
github.com/KarpelesLab/tpl/outvalue.go:99.73,101.45 1 1
github.com/KarpelesLab/tpl/outvalue.go:101.45,103.3 1 1
github.com/KarpelesLab/tpl/outvalue.go:106.2,106.26 1 0
github.com/KarpelesLab/tpl/outvalue.go:109.81,110.18 1 1
github.com/KarpelesLab/tpl/outvalue.go:110.18,111.27 1 1
github.com/KarpelesLab/tpl/outvalue.go:112.24,113.36 1 1
github.com/KarpelesLab/tpl/outvalue.go:114.22,116.14 2 1
github.com/KarpelesLab/tpl/outvalue.go:117.11,119.14 2 1
github.com/KarpelesLab/tpl/outvalue.go:123.2,123.43 1 1
github.com/KarpelesLab/tpl/outvalue.go:123.43,125.3 1 0
github.com/KarpelesLab/tpl/outvalue.go:127.2,128.16 2 1
github.com/KarpelesLab/tpl/outvalue.go:128.16,130.3 1 0
github.com/KarpelesLab/tpl/outvalue.go:131.2,132.12 2 1
github.com/KarpelesLab/tpl/outvalue.go:135.78,136.28 1 1
github.com/KarpelesLab/tpl/outvalue.go:137.17,138.18 1 1
github.com/KarpelesLab/tpl/outvalue.go:139.10,140.20 1 1
github.com/KarpelesLab/tpl/outvalue.go:144.65,146.36 1 1
github.com/KarpelesLab/tpl/outvalue.go:146.36,148.3 1 1
github.com/KarpelesLab/tpl/outvalue.go:150.2,151.16 2 1
github.com/KarpelesLab/tpl/outvalue.go:151.16,153.3 1 0
github.com/KarpelesLab/tpl/outvalue.go:155.2,159.12 4 1
github.com/KarpelesLab/tpl/outvalue.go:162.55,163.17 1 1
github.com/KarpelesLab/tpl/outvalue.go:163.17,165.3 1 1
github.com/KarpelesLab/tpl/outvalue.go:166.2,166.18 1 1
github.com/KarpelesLab/tpl/outvalue.go:166.18,170.3 3 1
github.com/KarpelesLab/tpl/outvalue.go:172.2,172.28 1 1
github.com/KarpelesLab/tpl/outvalue.go:173.17,174.21 1 1
github.com/KarpelesLab/tpl/outvalue.go:175.14,177.21 2 0
github.com/KarpelesLab/tpl/outvalue.go:178.14,180.21 2 0
github.com/KarpelesLab/tpl/outvalue.go:181.20,185.20 4 0
github.com/KarpelesLab/tpl/outvalue.go:186.10,190.20 4 0
github.com/KarpelesLab/tpl/outvalue.go:194.61,197.2 1 1
github.com/KarpelesLab/tpl/outvalue.go:199.81,201.2 1 1
github.com/KarpelesLab/tpl/outvalue.go:203.56,204.27 1 1
github.com/KarpelesLab/tpl/outvalue.go:205.14,206.33 1 0
github.com/KarpelesLab/tpl/outvalue.go:207.21,208.41 1 0
github.com/KarpelesLab/tpl/outvalue.go:209.10,210.29 1 1
github.com/KarpelesLab/tpl/raw.go:22.26,29.2 4 1
github.com/KarpelesLab/tpl/raw.go:31.47,33.16 2 0
github.com/KarpelesLab/tpl/raw.go:33.16,35.3 1 0
github.com/KarpelesLab/tpl/raw.go:36.2,39.26 2 0
github.com/KarpelesLab/tpl/raw.go:42.57,44.16 2 0
github.com/KarpelesLab/tpl/raw.go:44.16,46.3 1 0
github.com/KarpelesLab/tpl/raw.go:47.2,50.26 2 0
github.com/KarpelesLab/tpl/raw.go:53.44,55.16 2 0
github.com/KarpelesLab/tpl/raw.go:55.16,57.3 1 0
github.com/KarpelesLab/tpl/raw.go:58.2,61.26 2 0
github.com/KarpelesLab/tpl/raw.go:64.34,67.2 2 1
github.com/KarpelesLab/tpl/raw.go:69.63,70.23 1 0
github.com/KarpelesLab/tpl/raw.go:70.23,71.34 1 0
github.com/KarpelesLab/tpl/raw.go:71.34,73.4 1 0
github.com/KarpelesLab/tpl/raw.go:75.3,75.28 1 0
github.com/KarpelesLab/tpl/raw.go:75.28,76.38 1 0
github.com/KarpelesLab/tpl/raw.go:76.38,77.13 1 0
github.com/KarpelesLab/tpl/raw.go:79.4,79.38 1 0
github.com/KarpelesLab/tpl/raw.go:79.38,80.13 1 0
github.com/KarpelesLab/tpl/raw.go:82.4,85.18 3 0
github.com/KarpelesLab/tpl/raw.go:85.18,87.5 1 0
github.com/KarpelesLab/tpl/raw.go:89.4,89.39 1 0
github.com/KarpelesLab/tpl/raw.go:89.39,92.19 3 0
github.com/KarpelesLab/tpl/raw.go:92.19,94.6 1 0
github.com/KarpelesLab/tpl/raw.go:97.5,97.31 1 0
github.com/KarpelesLab/tpl/raw.go:97.31,99.6 1 0
github.com/KarpelesLab/tpl/raw.go:100.5,100.13 1 0
github.com/KarpelesLab/tpl/raw.go:103.4,103.44 1 0
github.com/KarpelesLab/tpl/raw.go:103.44,105.13 2 0
github.com/KarpelesLab/tpl/raw.go:107.4,107.56 1 0
github.com/KarpelesLab/tpl/raw.go:110.2,110.12 1 0
github.com/KarpelesLab/tpl/raw.go:113.48,114.23 1 0
github.com/KarpelesLab/tpl/raw.go:114.23,117.17 2 0
github.com/KarpelesLab/tpl/raw.go:117.17,119.4 1 0
github.com/KarpelesLab/tpl/raw.go:121.3,123.17 3 0
github.com/KarpelesLab/tpl/raw.go:123.17,125.4 1 0
github.com/KarpelesLab/tpl/raw.go:128.3,128.29 1 0
github.com/KarpelesLab/tpl/raw.go:128.29,130.4 1 0
github.com/KarpelesLab/tpl/raw.go:133.3,134.17 2 0
github.com/KarpelesLab/tpl/raw.go:134.17,136.4 1 0
github.com/KarpelesLab/tpl/raw.go:138.3,138.23 1 0
github.com/KarpelesLab/tpl/raw.go:138.23,140.18 2 0
github.com/KarpelesLab/tpl/raw.go:140.18,142.5 1 0
github.com/KarpelesLab/tpl/raw.go:144.4,146.55 2 0
github.com/KarpelesLab/tpl/raw.go:149.2,149.12 1 0
github.com/KarpelesLab/tpl/raw.go:152.59,153.23 1 0
github.com/KarpelesLab/tpl/raw.go:153.23,156.17 2 0
github.com/KarpelesLab/tpl/raw.go:156.17,159.4 1 0
github.com/KarpelesLab/tpl/raw.go:161.3,163.17 3 0
github.com/KarpelesLab/tpl/raw.go:163.17,165.4 1 0
github.com/KarpelesLab/tpl/raw.go:168.3,168.29 1 0
github.com/KarpelesLab/tpl/raw.go:168.29,170.4 1 0
github.com/KarpelesLab/tpl/raw.go:173.3,174.17 2 0
github.com/KarpelesLab/tpl/raw.go:174.17,176.4 1 0
github.com/KarpelesLab/tpl/raw.go:178.3,178.25 1 0
github.com/KarpelesLab/tpl/raw.go:178.25,180.37 2 0
github.com/KarpelesLab/tpl/raw.go:180.37,181.13 1 0
github.com/KarpelesLab/tpl/raw.go:184.4,185.18 2 0
github.com/KarpelesLab/tpl/raw.go:185.18,187.5 1 0
github.com/KarpelesLab/tpl/raw.go:189.4,189.49 1 0
github.com/KarpelesLab/tpl/raw.go:192.2,192.12 1 0
github.com/KarpelesLab/tpl/serverctx.go:26.55,28.2 1 1
github.com/KarpelesLab/tpl/serverctx.go:30.42,32.2 1 1
github.com/KarpelesLab/tpl/serverctx.go:34.56,35.37 1 1
github.com/KarpelesLab/tpl/serverctx.go:35.37,36.13 1 1
github.com/KarpelesLab/tpl/serverctx.go:37.23,39.24 2 1
github.com/KarpelesLab/tpl/serverctx.go:43.2,44.9 2 1
github.com/KarpelesLab/tpl/serverctx.go:44.9,46.3 1 1
github.com/KarpelesLab/tpl/serverctx.go:47.2,47.16 1 1
github.com/KarpelesLab/tpl/serverctx.go:48.15,49.19 1 1
github.com/KarpelesLab/tpl/serverctx.go:49.19,51.4 1 1
github.com/KarpelesLab/tpl/serverctx.go:52.3,52.16 1 1
github.com/KarpelesLab/tpl/serverctx.go:53.16,54.20 1 1
github.com/KarpelesLab/tpl/serverctx.go:54.20,58.4 3 1
github.com/KarpelesLab/tpl/serverctx.go:59.3,59.17 1 1
github.com/KarpelesLab/tpl/serverctx.go:60.19,61.20 1 1
github.com/KarpelesLab/tpl/serverctx.go:61.20,65.4 3 0
github.com/KarpelesLab/tpl/serverctx.go:66.3,66.20 1 1
github.com/KarpelesLab/tpl/serverctx.go:68.2,68.29 1 0
github.com/KarpelesLab/tpl/stringer.go:11.39,12.60 1 0
github.com/KarpelesLab/tpl/stringer.go:12.60,14.3 1 0
github.com/KarpelesLab/tpl/stringer.go:15.2,15.76 1 0
github.com/KarpelesLab/tpl/unicode.go:14.64,16.2 1 0
github.com/KarpelesLab/tpl/unicode.go:18.77,20.2 1 0
github.com/KarpelesLab/tpl/unicode.go:22.86,24.16 1 0
github.com/KarpelesLab/tpl/unicode.go:25.14,26.48 1 0
github.com/KarpelesLab/tpl/unicode.go:27.18,28.33 1 0
github.com/KarpelesLab/tpl/unicode.go:29.15,30.31 1 0
github.com/KarpelesLab/tpl/unicode.go:31.17,32.55 1 0
github.com/KarpelesLab/tpl/unicode.go:33.17,34.55 1 0
github.com/KarpelesLab/tpl/unicode.go:35.17,36.49 1 0
github.com/KarpelesLab/tpl/unicode.go:37.10,38.28 1 0
github.com/KarpelesLab/tpl/unicode.go:42.65,44.2 1 0
github.com/KarpelesLab/tpl/unicode.go:46.78,48.2 1 0
github.com/KarpelesLab/tpl/unicode.go:50.87,52.16 1 0
github.com/KarpelesLab/tpl/unicode.go:53.25,54.69 1 0
github.com/KarpelesLab/tpl/unicode.go:55.22,56.66 1 0
github.com/KarpelesLab/tpl/unicode.go:57.14,58.58 1 0
github.com/KarpelesLab/tpl/unicode.go:59.19,60.63 1 0
github.com/KarpelesLab/tpl/unicode.go:61.18,62.62 1 0
github.com/KarpelesLab/tpl/unicode.go:63.19,64.63 1 0
github.com/KarpelesLab/tpl/unicode.go:65.16,66.60 1 0
github.com/KarpelesLab/tpl/unicode.go:67.21,68.65 1 0
github.com/KarpelesLab/tpl/unicode.go:70.20,71.70 1 0
github.com/KarpelesLab/tpl/unicode.go:72.19,73.59 1 0
github.com/KarpelesLab/tpl/unicode.go:74.19,75.59 1 0
github.com/KarpelesLab/tpl/unicode.go:76.21,77.65 1 0
github.com/KarpelesLab/tpl/unicode.go:78.14,79.56 1 0
github.com/KarpelesLab/tpl/unicode.go:80.24,81.68 1 0
github.com/KarpelesLab/tpl/unicode.go:82.17,83.61 1 0
github.com/KarpelesLab/tpl/unicode.go:84.27,85.71 1 0
github.com/KarpelesLab/tpl/unicode.go:86.25,87.75 1 0
github.com/KarpelesLab/tpl/unicode.go:88.26,89.43 1 0
github.com/KarpelesLab/tpl/unicode.go:90.22,91.35 1 0
github.com/KarpelesLab/tpl/unicode.go:92.33,93.37 1 0
github.com/KarpelesLab/tpl/unicode.go:94.28,95.32 1 0
github.com/KarpelesLab/tpl/unicode.go:96.30,97.34 1 0
github.com/KarpelesLab/tpl/unicode.go:98.33,99.37 1 0
github.com/KarpelesLab/tpl/unicode.go:100.33,101.37 1 0
github.com/KarpelesLab/tpl/unicode.go:102.11,103.39 1 0
github.com/KarpelesLab/tpl/unicode.go:123.10,124.28 1 0
github.com/KarpelesLab/tpl/url.go:13.66,14.25 1 1
github.com/KarpelesLab/tpl/url.go:15.14,16.28 1 1
github.com/KarpelesLab/tpl/url.go:17.14,18.36 1 1
github.com/KarpelesLab/tpl/url.go:19.20,20.37 1 0
github.com/KarpelesLab/tpl/url.go:21.17,22.44 1 0
github.com/KarpelesLab/tpl/url.go:23.21,24.30 1 0
github.com/KarpelesLab/tpl/url.go:25.21,26.38 1 0
github.com/KarpelesLab/tpl/url.go:27.29,29.17 2 0
github.com/KarpelesLab/tpl/url.go:29.17,32.4 2 0
github.com/KarpelesLab/tpl/url.go:33.3,33.33 1 0
github.com/KarpelesLab/tpl/url.go:34.20,35.37 1 0
github.com/KarpelesLab/tpl/url.go:36.23,37.37 1 0
github.com/KarpelesLab/tpl/url.go:38.19,40.17 2 0
github.com/KarpelesLab/tpl/url.go:40.17,43.4 2 0
github.com/KarpelesLab/tpl/url.go:44.3,44.33 1 0
github.com/KarpelesLab/tpl/url.go:45.30,46.35 1 0
github.com/KarpelesLab/tpl/url.go:47.26,48.30 1 1
github.com/KarpelesLab/tpl/url.go:49.11,50.12 1 1
github.com/KarpelesLab/tpl/url.go:51.10,53.12 2 0
github.com/KarpelesLab/tpl/value.go:57.58,59.2 1 1
github.com/KarpelesLab/tpl/value.go:63.39,69.6 4 1
github.com/KarpelesLab/tpl/value.go:69.6,71.10 2 1
github.com/KarpelesLab/tpl/value.go:71.10,72.9 1 1
github.com/KarpelesLab/tpl/value.go:75.3,76.17 2 1
github.com/KarpelesLab/tpl/value.go:76.17,78.4 1 0
github.com/KarpelesLab/tpl/value.go:80.2,80.17 1 1
github.com/KarpelesLab/tpl/value.go:83.50,85.16 2 1
github.com/KarpelesLab/tpl/value.go:85.16,87.3 1 0
github.com/KarpelesLab/tpl/value.go:88.2,88.25 1 1
github.com/KarpelesLab/tpl/value.go:91.42,93.2 1 1
github.com/KarpelesLab/tpl/value.go:95.46,97.2 1 1
github.com/KarpelesLab/tpl/value.go:99.34,101.2 1 1
github.com/KarpelesLab/tpl/value.go:103.36,106.2 2 1
github.com/KarpelesLab/tpl/value.go:109.36,111.16 2 1
github.com/KarpelesLab/tpl/value.go:111.16,113.3 1 0
github.com/KarpelesLab/tpl/value.go:115.2,115.25 1 1
github.com/KarpelesLab/tpl/value.go:116.14,117.14 1 1
github.com/KarpelesLab/tpl/value.go:118.14,119.14 1 0
github.com/KarpelesLab/tpl/value.go:120.21,121.14 1 1
github.com/KarpelesLab/tpl/value.go:122.20,123.14 1 0
github.com/KarpelesLab/tpl/value.go:124.17,125.14 1 0
github.com/KarpelesLab/tpl/value.go:126.10,127.15 1 1
github.com/KarpelesLab/tpl/value.go:131.48,133.16 2 1
github.com/KarpelesLab/tpl/value.go:133.16,135.3 1 0
github.com/KarpelesLab/tpl/value.go:137.2,137.21 1 1
github.com/KarpelesLab/tpl/value.go:137.21,139.3 1 0
github.com/KarpelesLab/tpl/value.go:141.2,141.31 1 1
github.com/KarpelesLab/tpl/value.go:142.14,143.17 1 1
github.com/KarpelesLab/tpl/value.go:144.14,145.25 1 1
github.com/KarpelesLab/tpl/value.go:146.20,147.26 1 1
github.com/KarpelesLab/tpl/value.go:148.17,149.33 1 0
github.com/KarpelesLab/tpl/value.go:150.21,151.19 1 0
github.com/KarpelesLab/tpl/value.go:152.21,153.27 1 0
github.com/KarpelesLab/tpl/value.go:154.29,155.33 1 0
github.com/KarpelesLab/tpl/value.go:155.33,157.4 1 0
github.com/KarpelesLab/tpl/value.go:157.9,159.4 1 0
github.com/KarpelesLab/tpl/value.go:160.13,161.39 1 0
github.com/KarpelesLab/tpl/value.go:162.14,164.26 2 0
github.com/KarpelesLab/tpl/value.go:164.26,166.4 1 0
github.com/KarpelesLab/tpl/value.go:167.3,167.27 1 0
github.com/KarpelesLab/tpl/value.go:168.17,169.26 1 0
github.com/KarpelesLab/tpl/value.go:170.12,171.9 1 0
github.com/KarpelesLab/tpl/value.go:171.9,173.4 1 0
github.com/KarpelesLab/tpl/value.go:174.3,174.17 1 0
github.com/KarpelesLab/tpl/value.go:175.23,179.17 3 0
github.com/KarpelesLab/tpl/value.go:179.17,181.4 1 0
github.com/KarpelesLab/tpl/value.go:183.3,183.48 1 0
github.com/KarpelesLab/tpl/value.go:184.42,188.17 3 0
github.com/KarpelesLab/tpl/value.go:188.17,190.4 1 0
github.com/KarpelesLab/tpl/value.go:192.3,192.48 1 0
github.com/KarpelesLab/tpl/value.go:193.11,194.17 1 0
github.com/KarpelesLab/tpl/value.go:195.10,196.37 1 0
github.com/KarpelesLab/tpl/value.go:200.35,203.2 2 1
github.com/KarpelesLab/tpl/value.go:205.47,207.16 2 1
github.com/KarpelesLab/tpl/value.go:207.16,209.3 1 0
github.com/KarpelesLab/tpl/value.go:211.2,211.21 1 1
github.com/KarpelesLab/tpl/value.go:211.21,213.3 1 1
github.com/KarpelesLab/tpl/value.go:215.2,215.31 1 1
github.com/KarpelesLab/tpl/value.go:216.14,217.25 1 1
github.com/KarpelesLab/tpl/value.go:218.14,219.17 1 1
github.com/KarpelesLab/tpl/value.go:220.15,221.68 1 0
github.com/KarpelesLab/tpl/value.go:222.15,223.59 1 1
github.com/KarpelesLab/tpl/value.go:224.17,225.25 1 1
github.com/KarpelesLab/tpl/value.go:226.20,227.34 1 1
github.com/KarpelesLab/tpl/value.go:228.21,229.27 1 0
github.com/KarpelesLab/tpl/value.go:230.21,231.19 1 0
github.com/KarpelesLab/tpl/value.go:232.29,233.33 1 0
github.com/KarpelesLab/tpl/value.go:233.33,235.4 1 0
github.com/KarpelesLab/tpl/value.go:235.9,237.4 1 0
github.com/KarpelesLab/tpl/value.go:238.13,239.38 1 0
github.com/KarpelesLab/tpl/value.go:240.14,242.26 2 0
github.com/KarpelesLab/tpl/value.go:242.26,244.4 1 0
github.com/KarpelesLab/tpl/value.go:245.3,245.26 1 0
github.com/KarpelesLab/tpl/value.go:246.17,247.25 1 0
github.com/KarpelesLab/tpl/value.go:248.12,249.9 1 1
github.com/KarpelesLab/tpl/value.go:249.9,251.4 1 1
github.com/KarpelesLab/tpl/value.go:252.3,252.23 1 0
github.com/KarpelesLab/tpl/value.go:253.23,257.17 3 1
github.com/KarpelesLab/tpl/value.go:257.17,259.4 1 0
github.com/KarpelesLab/tpl/value.go:261.3,261.47 1 1
github.com/KarpelesLab/tpl/value.go:262.42,266.17 3 0
github.com/KarpelesLab/tpl/value.go:266.17,268.4 1 0
github.com/KarpelesLab/tpl/value.go:270.3,270.47 1 0
github.com/KarpelesLab/tpl/value.go:271.11,272.18 1 0
github.com/KarpelesLab/tpl/value.go:273.10,274.45 1 1
github.com/KarpelesLab/tpl/value.go:278.71,280.16 2 1
github.com/KarpelesLab/tpl/value.go:280.16,282.3 1 0
github.com/KarpelesLab/tpl/value.go:284.2,284.27 1 1
github.com/KarpelesLab/tpl/value.go:285.12,286.29 1 1
github.com/KarpelesLab/tpl/value.go:286.29,288.4 1 0
github.com/KarpelesLab/tpl/value.go:289.3,290.10 2 1
github.com/KarpelesLab/tpl/value.go:290.10,292.4 1 1
github.com/KarpelesLab/tpl/value.go:293.3,293.24 1 1
github.com/KarpelesLab/tpl/value.go:294.14,295.22 1 1
github.com/KarpelesLab/tpl/value.go:296.15,297.22 1 0
github.com/KarpelesLab/tpl/value.go:298.16,299.22 1 0
github.com/KarpelesLab/tpl/value.go:300.13,301.17 1 0
github.com/KarpelesLab/tpl/value.go:302.12,303.21 1 0
github.com/KarpelesLab/tpl/value.go:304.11,305.21 1 1
github.com/KarpelesLab/tpl/value.go:307.12,308.44 1 0
github.com/KarpelesLab/tpl/value.go:308.44,311.4 1 0
github.com/KarpelesLab/tpl/value.go:312.3,312.48 1 0
github.com/KarpelesLab/tpl/value.go:313.13,314.44 1 0
github.com/KarpelesLab/tpl/value.go:314.44,317.4 1 0
github.com/KarpelesLab/tpl/value.go:318.3,318.48 1 0
github.com/KarpelesLab/tpl/value.go:319.13,320.44 1 0
github.com/KarpelesLab/tpl/value.go:320.44,323.4 1 0
github.com/KarpelesLab/tpl/value.go:324.3,324.48 1 0
github.com/KarpelesLab/tpl/value.go:325.13,326.44 1 0
github.com/KarpelesLab/tpl/value.go:326.44,329.4 1 0
github.com/KarpelesLab/tpl/value.go:330.3,330.48 1 0
github.com/KarpelesLab/tpl/value.go:331.11,332.44 1 1
github.com/KarpelesLab/tpl/value.go:332.44,335.4 1 1
github.com/KarpelesLab/tpl/value.go:336.3,336.48 1 0
github.com/KarpelesLab/tpl/value.go:337.13,338.45 1 0
github.com/KarpelesLab/tpl/value.go:338.45,341.4 1 0
github.com/KarpelesLab/tpl/value.go:342.3,342.48 1 0
github.com/KarpelesLab/tpl/value.go:343.14,344.45 1 0
github.com/KarpelesLab/tpl/value.go:344.45,347.4 1 0
github.com/KarpelesLab/tpl/value.go:348.3,348.48 1 0
github.com/KarpelesLab/tpl/value.go:349.14,350.45 1 0
github.com/KarpelesLab/tpl/value.go:350.45,353.4 1 0
github.com/KarpelesLab/tpl/value.go:354.3,354.48 1 0
github.com/KarpelesLab/tpl/value.go:355.14,356.45 1 0
github.com/KarpelesLab/tpl/value.go:356.45,359.4 1 0
github.com/KarpelesLab/tpl/value.go:360.3,360.48 1 0
github.com/KarpelesLab/tpl/value.go:361.12,362.45 1 0
github.com/KarpelesLab/tpl/value.go:362.45,365.4 1 0
github.com/KarpelesLab/tpl/value.go:366.3,366.48 1 0
github.com/KarpelesLab/tpl/value.go:367.15,368.46 1 0
github.com/KarpelesLab/tpl/value.go:368.46,371.4 1 0
github.com/KarpelesLab/tpl/value.go:372.3,372.48 1 0
github.com/KarpelesLab/tpl/value.go:373.15,374.46 1 1
github.com/KarpelesLab/tpl/value.go:374.46,377.4 1 1
github.com/KarpelesLab/tpl/value.go:378.3,378.48 1 0
github.com/KarpelesLab/tpl/value.go:379.14,380.38 1 1
github.com/KarpelesLab/tpl/value.go:381.14,382.37 1 1
github.com/KarpelesLab/tpl/value.go:383.21,387.18 4 0
github.com/KarpelesLab/tpl/value.go:388.20,389.51 1 1
github.com/KarpelesLab/tpl/value.go:390.13,392.17 2 0
github.com/KarpelesLab/tpl/value.go:392.17,394.4 1 0
github.com/KarpelesLab/tpl/value.go:395.3,395.29 1 0
github.com/KarpelesLab/tpl/value.go:396.10,397.69 1 0
github.com/KarpelesLab/tpl/valuesctx.go:15.87,16.22 1 1
github.com/KarpelesLab/tpl/valuesctx.go:16.22,18.3 1 1
github.com/KarpelesLab/tpl/valuesctx.go:19.2,19.52 1 1
github.com/KarpelesLab/tpl/valuesctx.go:22.93,24.2 1 1
github.com/KarpelesLab/tpl/valuesctx.go:26.37,28.2 1 1
github.com/KarpelesLab/tpl/valuesctx.go:30.56,31.31 1 1
github.com/KarpelesLab/tpl/valuesctx.go:31.31,36.9 4 1
github.com/KarpelesLab/tpl/valuesctx.go:36.9,38.4 1 1
github.com/KarpelesLab/tpl/valuesctx.go:40.2,40.29 1 1
